<?xml version="1.0" encoding="UTF-8"?>
<coverage generated="1763831705729" clover="3.2.0">
  <project timestamp="1763831705729" name="All files">
    <metrics statements="7" coveredstatements="4" conditionals="0" coveredconditionals="0" methods="6" coveredmethods="3" elements="13" coveredelements="7" complexity="0" loc="7" ncloc="7" packages="1" files="1" classes="1"/>
    <file name="DocenteCasoUso.ts" path="C:\Users\jvale\OneDrive\Desktop\ProyectoCoordinadora\JESSoft\src\core\aplicacion\casos-uso\DocenteCasoUso.ts">
      <metrics statements="7" coveredstatements="4" conditionals="0" coveredconditionals="0" methods="6" coveredmethods="3"/>
      <line num="4" count="1" type="stmt"/>
      <line num="5" count="1" type="stmt"/>
      <line num="8" count="0" type="stmt"/>
      <line num="12" count="2" type="stmt"/>
      <line num="16" count="2" type="stmt"/>
      <line num="20" count="0" type="stmt"/>
      <line num="24" count="0" type="stmt"/>
    </file>
  </project>
</coverage>
