{"/Users/sebashiguita/Documents/JESSoft-ProyectoFinal/JESSoft/src/common/configuracion.ts": {"path":"/Users/sebashiguita/Documents/JESSoft-ProyectoFinal/JESSoft/src/common/configuracion.ts","statementMap":{"0":{"start":{"line":1,"column":0},"end":{"line":1,"column":23}},"1":{"start":{"line":3,"column":13},"end":{"line":15,"column":2}}},"fnMap":{},"branchMap":{"0":{"loc":{"start":{"line":6,"column":17},"end":{"line":6,"column":43}},"type":"binary-expr","locations":[{"start":{"line":6,"column":17},"end":{"line":6,"column":35}},{"start":{"line":6,"column":39},"end":{"line":6,"column":43}}]},"1":{"loc":{"start":{"line":10,"column":9},"end":{"line":12,"column":13}},"type":"cond-expr","locations":[{"start":{"line":11,"column":8},"end":{"line":11,"column":37}},{"start":{"line":12,"column":8},"end":{"line":12,"column":13}}]},"2":{"loc":{"start":{"line":14,"column":15},"end":{"line":14,"column":61}},"type":"binary-expr","locations":[{"start":{"line":14,"column":15},"end":{"line":14,"column":31}},{"start":{"line":14,"column":35},"end":{"line":14,"column":53}},{"start":{"line":14,"column":57},"end":{"line":14,"column":61}}]}},"s":{"0":2,"1":2},"f":{},"b":{"0":[2,0],"1":[0,2],"2":[2,2,0]}}
,"/Users/sebashiguita/Documents/JESSoft-ProyectoFinal/JESSoft/src/core/aplicacion/casos-uso/AsignacionDocenteCasoUso.ts": {"path":"/Users/sebashiguita/Documents/JESSoft-ProyectoFinal/JESSoft/src/core/aplicacion/casos-uso/AsignacionDocenteCasoUso.ts","statementMap":{"0":{"start":{"line":5,"column":24},"end":{"line":5,"column":83}},"1":{"start":{"line":8,"column":30},"end":{"line":8,"column":131}},"2":{"start":{"line":9,"column":8},"end":{"line":9,"column":82}},"3":{"start":{"line":9,"column":28},"end":{"line":9,"column":82}},"4":{"start":{"line":11,"column":28},"end":{"line":11,"column":126}},"5":{"start":{"line":12,"column":8},"end":{"line":12,"column":97}},"6":{"start":{"line":12,"column":26},"end":{"line":12,"column":97}},"7":{"start":{"line":14,"column":36},"end":{"line":16,"column":null}},"8":{"start":{"line":18,"column":8},"end":{"line":18,"column":109}},"9":{"start":{"line":18,"column":33},"end":{"line":18,"column":109}},"10":{"start":{"line":20,"column":30},"end":{"line":20,"column":31}},"11":{"start":{"line":21,"column":37},"end":{"line":21,"column":140}},"12":{"start":{"line":22,"column":8},"end":{"line":24,"column":9}},"13":{"start":{"line":23,"column":12},"end":{"line":23,"column":108}},"14":{"start":{"line":26,"column":34},"end":{"line":26,"column":134}},"15":{"start":{"line":27,"column":8},"end":{"line":27,"column":91}},"16":{"start":{"line":27,"column":31},"end":{"line":27,"column":91}},"17":{"start":{"line":29,"column":34},"end":{"line":29,"column":113}},"18":{"start":{"line":30,"column":8},"end":{"line":30,"column":33}},"19":{"start":{"line":34,"column":8},"end":{"line":34,"column":82}},"20":{"start":{"line":38,"column":35},"end":{"line":38,"column":112}},"21":{"start":{"line":39,"column":8},"end":{"line":39,"column":40}},"22":{"start":{"line":40,"column":8},"end":{"line":40,"column":34}},"23":{"start":{"line":45,"column":8},"end":{"line":47,"column":9}},"24":{"start":{"line":46,"column":12},"end":{"line":46,"column":79}},"25":{"start":{"line":49,"column":26},"end":{"line":49,"column":103}},"26":{"start":{"line":50,"column":8},"end":{"line":52,"column":9}},"27":{"start":{"line":51,"column":12},"end":{"line":51,"column":24}},"28":{"start":{"line":54,"column":38},"end":{"line":56,"column":null}},"29":{"start":{"line":59,"column":8},"end":{"line":59,"column":45}},"30":{"start":{"line":63,"column":8},"end":{"line":63,"column":82}},"31":{"start":{"line":4,"column":0},"end":{"line":4,"column":13}}},"fnMap":{"0":{"name":"(anonymous_0)","decl":{"start":{"line":5,"column":4},"end":{"line":5,"column":24}},"loc":{"start":{"line":5,"column":83},"end":{"line":5,"column":87}}},"1":{"name":"(anonymous_1)","decl":{"start":{"line":7,"column":4},"end":{"line":7,"column":9}},"loc":{"start":{"line":7,"column":68},"end":{"line":31,"column":5}}},"2":{"name":"(anonymous_2)","decl":{"start":{"line":33,"column":4},"end":{"line":33,"column":9}},"loc":{"start":{"line":33,"column":45},"end":{"line":35,"column":5}}},"3":{"name":"(anonymous_3)","decl":{"start":{"line":37,"column":4},"end":{"line":37,"column":9}},"loc":{"start":{"line":37,"column":54},"end":{"line":41,"column":5}}},"4":{"name":"(anonymous_4)","decl":{"start":{"line":43,"column":4},"end":{"line":43,"column":9}},"loc":{"start":{"line":43,"column":84},"end":{"line":60,"column":5}}},"5":{"name":"(anonymous_5)","decl":{"start":{"line":62,"column":4},"end":{"line":62,"column":9}},"loc":{"start":{"line":62,"column":50},"end":{"line":64,"column":5}}}},"branchMap":{"0":{"loc":{"start":{"line":9,"column":8},"end":{"line":9,"column":82}},"type":"if","locations":[{"start":{"line":9,"column":8},"end":{"line":9,"column":82}},{"start":{},"end":{}}]},"1":{"loc":{"start":{"line":12,"column":8},"end":{"line":12,"column":97}},"type":"if","locations":[{"start":{"line":12,"column":8},"end":{"line":12,"column":97}},{"start":{},"end":{}}]},"2":{"loc":{"start":{"line":18,"column":8},"end":{"line":18,"column":109}},"type":"if","locations":[{"start":{"line":18,"column":8},"end":{"line":18,"column":109}},{"start":{},"end":{}}]},"3":{"loc":{"start":{"line":22,"column":8},"end":{"line":24,"column":9}},"type":"if","locations":[{"start":{"line":22,"column":8},"end":{"line":24,"column":9}},{"start":{},"end":{}}]},"4":{"loc":{"start":{"line":27,"column":8},"end":{"line":27,"column":91}},"type":"if","locations":[{"start":{"line":27,"column":8},"end":{"line":27,"column":91}},{"start":{},"end":{}}]},"5":{"loc":{"start":{"line":45,"column":8},"end":{"line":47,"column":9}},"type":"if","locations":[{"start":{"line":45,"column":8},"end":{"line":47,"column":9}},{"start":{},"end":{}}]},"6":{"loc":{"start":{"line":45,"column":12},"end":{"line":45,"column":82}},"type":"binary-expr","locations":[{"start":{"line":45,"column":12},"end":{"line":45,"column":36}},{"start":{"line":45,"column":40},"end":{"line":45,"column":82}}]},"7":{"loc":{"start":{"line":50,"column":8},"end":{"line":52,"column":9}},"type":"if","locations":[{"start":{"line":50,"column":8},"end":{"line":52,"column":9}},{"start":{},"end":{}}]},"8":{"loc":{"start":{"line":59,"column":15},"end":{"line":59,"column":44}},"type":"binary-expr","locations":[{"start":{"line":59,"column":15},"end":{"line":59,"column":36}},{"start":{"line":59,"column":40},"end":{"line":59,"column":44}}]}},"s":{"0":17,"1":9,"2":9,"3":2,"4":7,"5":7,"6":2,"7":5,"8":5,"9":1,"10":4,"11":4,"12":4,"13":1,"14":3,"15":3,"16":1,"17":2,"18":2,"19":3,"20":3,"21":3,"22":3,"23":5,"24":1,"25":4,"26":4,"27":2,"28":2,"29":2,"30":2,"31":5},"f":{"0":17,"1":9,"2":3,"3":3,"4":5,"5":2},"b":{"0":[2,7],"1":[2,5],"2":[1,4],"3":[1,3],"4":[1,2],"5":[1,4],"6":[5,1],"7":[2,2],"8":[2,0]}}
,"/Users/sebashiguita/Documents/JESSoft-ProyectoFinal/JESSoft/src/core/aplicacion/casos-uso/AsignaturaCasosUso.ts": {"path":"/Users/sebashiguita/Documents/JESSoft-ProyectoFinal/JESSoft/src/core/aplicacion/casos-uso/AsignaturaCasosUso.ts","statementMap":{"0":{"start":{"line":3,"column":0},"end":{"line":3,"column":64}},"1":{"start":{"line":11,"column":4},"end":{"line":11,"column":55}},"2":{"start":{"line":15,"column":4},"end":{"line":15,"column":53}},"3":{"start":{"line":19,"column":4},"end":{"line":19,"column":55}},"4":{"start":{"line":24,"column":24},"end":{"line":30,"column":null}},"5":{"start":{"line":32,"column":4},"end":{"line":32,"column":55}},"6":{"start":{"line":35,"column":37},"end":{"line":41,"column":6}},"7":{"start":{"line":42,"column":4},"end":{"line":42,"column":21}},"8":{"start":{"line":47,"column":4},"end":{"line":47,"column":51}},"9":{"start":{"line":50,"column":23},"end":{"line":56,"column":null}},"10":{"start":{"line":58,"column":4},"end":{"line":58,"column":64}},"11":{"start":{"line":59,"column":42},"end":{"line":65,"column":6}},"12":{"start":{"line":66,"column":4},"end":{"line":66,"column":26}},"13":{"start":{"line":7,"column":0},"end":{"line":7,"column":13}}},"fnMap":{"0":{"name":"(anonymous_0)","decl":{"start":{"line":10,"column":2},"end":{"line":10,"column":14}},"loc":{"start":{"line":10,"column":59},"end":{"line":12,"column":3}}},"1":{"name":"(anonymous_1)","decl":{"start":{"line":14,"column":2},"end":{"line":14,"column":7}},"loc":{"start":{"line":14,"column":20},"end":{"line":16,"column":3}}},"2":{"name":"(anonymous_2)","decl":{"start":{"line":18,"column":2},"end":{"line":18,"column":7}},"loc":{"start":{"line":18,"column":31},"end":{"line":20,"column":3}}},"3":{"name":"(anonymous_3)","decl":{"start":{"line":22,"column":1},"end":{"line":22,"column":6}},"loc":{"start":{"line":22,"column":31},"end":{"line":44,"column":3}}},"4":{"name":"(anonymous_4)","decl":{"start":{"line":46,"column":2},"end":{"line":46,"column":7}},"loc":{"start":{"line":46,"column":27},"end":{"line":48,"column":3}}},"5":{"name":"(anonymous_5)","decl":{"start":{"line":49,"column":2},"end":{"line":49,"column":7}},"loc":{"start":{"line":49,"column":49},"end":{"line":68,"column":3}}}},"branchMap":{},"s":{"0":6,"1":11,"2":2,"3":1,"4":4,"5":4,"6":2,"7":2,"8":2,"9":2,"10":2,"11":2,"12":2,"13":6},"f":{"0":11,"1":2,"2":1,"3":4,"4":2,"5":2},"b":{}}
,"/Users/sebashiguita/Documents/JESSoft-ProyectoFinal/JESSoft/src/core/aplicacion/casos-uso/DocenteCasoUso.ts": {"path":"/Users/sebashiguita/Documents/JESSoft-ProyectoFinal/JESSoft/src/core/aplicacion/casos-uso/DocenteCasoUso.ts","statementMap":{"0":{"start":{"line":5,"column":22},"end":{"line":5,"column":61}},"1":{"start":{"line":8,"column":4},"end":{"line":8,"column":62}},"2":{"start":{"line":12,"column":4},"end":{"line":12,"column":58}},"3":{"start":{"line":16,"column":4},"end":{"line":16,"column":67}},"4":{"start":{"line":20,"column":4},"end":{"line":20,"column":74}},"5":{"start":{"line":24,"column":4},"end":{"line":24,"column":63}},"6":{"start":{"line":4,"column":0},"end":{"line":4,"column":13}}},"fnMap":{"0":{"name":"(anonymous_0)","decl":{"start":{"line":5,"column":2},"end":{"line":5,"column":22}},"loc":{"start":{"line":5,"column":61},"end":{"line":5,"column":65}}},"1":{"name":"(anonymous_1)","decl":{"start":{"line":7,"column":2},"end":{"line":7,"column":7}},"loc":{"start":{"line":7,"column":43},"end":{"line":9,"column":3}}},"2":{"name":"(anonymous_2)","decl":{"start":{"line":11,"column":2},"end":{"line":11,"column":7}},"loc":{"start":{"line":11,"column":39},"end":{"line":13,"column":3}}},"3":{"name":"(anonymous_3)","decl":{"start":{"line":15,"column":2},"end":{"line":15,"column":7}},"loc":{"start":{"line":15,"column":46},"end":{"line":17,"column":3}}},"4":{"name":"(anonymous_4)","decl":{"start":{"line":19,"column":2},"end":{"line":19,"column":7}},"loc":{"start":{"line":19,"column":63},"end":{"line":21,"column":3}}},"5":{"name":"(anonymous_5)","decl":{"start":{"line":23,"column":2},"end":{"line":23,"column":7}},"loc":{"start":{"line":23,"column":42},"end":{"line":25,"column":3}}}},"branchMap":{},"s":{"0":14,"1":2,"2":3,"3":4,"4":2,"5":2,"6":6},"f":{"0":14,"1":2,"2":3,"3":4,"4":2,"5":2},"b":{}}
,"/Users/sebashiguita/Documents/JESSoft-ProyectoFinal/JESSoft/src/core/aplicacion/casos-uso/OfertaAcademicaCasoUso.ts": {"path":"/Users/sebashiguita/Documents/JESSoft-ProyectoFinal/JESSoft/src/core/aplicacion/casos-uso/OfertaAcademicaCasoUso.ts","statementMap":{"0":{"start":{"line":5,"column":24},"end":{"line":5,"column":70}},"1":{"start":{"line":9,"column":30},"end":{"line":9,"column":77}},"2":{"start":{"line":10,"column":8},"end":{"line":10,"column":29}},"3":{"start":{"line":15,"column":8},"end":{"line":15,"column":66}},"4":{"start":{"line":20,"column":31},"end":{"line":20,"column":89}},"5":{"start":{"line":21,"column":8},"end":{"line":21,"column":30}},"6":{"start":{"line":29,"column":8},"end":{"line":31,"column":9}},"7":{"start":{"line":30,"column":12},"end":{"line":30,"column":83}},"8":{"start":{"line":33,"column":34},"end":{"line":35,"column":null}},"9":{"start":{"line":38,"column":8},"end":{"line":38,"column":41}},"10":{"start":{"line":43,"column":2},"end":{"line":43,"column":57}},"11":{"start":{"line":4,"column":0},"end":{"line":4,"column":13}}},"fnMap":{"0":{"name":"(anonymous_0)","decl":{"start":{"line":5,"column":4},"end":{"line":5,"column":24}},"loc":{"start":{"line":5,"column":70},"end":{"line":5,"column":74}}},"1":{"name":"(anonymous_1)","decl":{"start":{"line":8,"column":4},"end":{"line":8,"column":9}},"loc":{"start":{"line":8,"column":45},"end":{"line":11,"column":5}}},"2":{"name":"(anonymous_2)","decl":{"start":{"line":14,"column":4},"end":{"line":14,"column":9}},"loc":{"start":{"line":14,"column":39},"end":{"line":16,"column":5}}},"3":{"name":"(anonymous_3)","decl":{"start":{"line":19,"column":4},"end":{"line":19,"column":9}},"loc":{"start":{"line":19,"column":46},"end":{"line":22,"column":5}}},"4":{"name":"(anonymous_4)","decl":{"start":{"line":25,"column":4},"end":{"line":25,"column":9}},"loc":{"start":{"line":27,"column":31},"end":{"line":39,"column":5}}},"5":{"name":"(anonymous_5)","decl":{"start":{"line":42,"column":4},"end":{"line":42,"column":9}},"loc":{"start":{"line":42,"column":42},"end":{"line":44,"column":1}}}},"branchMap":{"0":{"loc":{"start":{"line":29,"column":8},"end":{"line":31,"column":9}},"type":"if","locations":[{"start":{"line":29,"column":8},"end":{"line":31,"column":9}},{"start":{},"end":{}}]},"1":{"loc":{"start":{"line":29,"column":12},"end":{"line":29,"column":60}},"type":"binary-expr","locations":[{"start":{"line":29,"column":12},"end":{"line":29,"column":27}},{"start":{"line":29,"column":31},"end":{"line":29,"column":60}}]},"2":{"loc":{"start":{"line":38,"column":15},"end":{"line":38,"column":40}},"type":"binary-expr","locations":[{"start":{"line":38,"column":15},"end":{"line":38,"column":32}},{"start":{"line":38,"column":36},"end":{"line":38,"column":40}}]}},"s":{"0":19,"1":4,"2":2,"3":4,"4":5,"5":5,"6":5,"7":1,"8":4,"9":4,"10":4,"11":6},"f":{"0":19,"1":4,"2":4,"3":5,"4":5,"5":4},"b":{"0":[1,4],"1":[5,3],"2":[4,1]}}
,"/Users/sebashiguita/Documents/JESSoft-ProyectoFinal/JESSoft/src/core/aplicacion/casos-uso/PeriodoAcademicoCasoUso.ts": {"path":"/Users/sebashiguita/Documents/JESSoft-ProyectoFinal/JESSoft/src/core/aplicacion/casos-uso/PeriodoAcademicoCasoUso.ts","statementMap":{"0":{"start":{"line":6,"column":24},"end":{"line":6,"column":81}},"1":{"start":{"line":9,"column":31},"end":{"line":9,"column":105}},"2":{"start":{"line":10,"column":8},"end":{"line":10,"column":30}},"3":{"start":{"line":14,"column":8},"end":{"line":14,"column":77}},"4":{"start":{"line":18,"column":32},"end":{"line":18,"column":96}},"5":{"start":{"line":19,"column":8},"end":{"line":19,"column":37}},"6":{"start":{"line":20,"column":8},"end":{"line":20,"column":31}},"7":{"start":{"line":24,"column":8},"end":{"line":26,"column":9}},"8":{"start":{"line":25,"column":12},"end":{"line":25,"column":84}},"9":{"start":{"line":27,"column":35},"end":{"line":29,"column":null}},"10":{"start":{"line":31,"column":8},"end":{"line":31,"column":42}},"11":{"start":{"line":35,"column":8},"end":{"line":35,"column":69}},"12":{"start":{"line":5,"column":0},"end":{"line":5,"column":13}}},"fnMap":{"0":{"name":"(anonymous_0)","decl":{"start":{"line":6,"column":4},"end":{"line":6,"column":24}},"loc":{"start":{"line":6,"column":81},"end":{"line":6,"column":85}}},"1":{"name":"(anonymous_1)","decl":{"start":{"line":8,"column":4},"end":{"line":8,"column":9}},"loc":{"start":{"line":8,"column":63},"end":{"line":11,"column":5}}},"2":{"name":"(anonymous_2)","decl":{"start":{"line":13,"column":4},"end":{"line":13,"column":9}},"loc":{"start":{"line":13,"column":41},"end":{"line":15,"column":5}}},"3":{"name":"(anonymous_3)","decl":{"start":{"line":17,"column":4},"end":{"line":17,"column":9}},"loc":{"start":{"line":17,"column":42},"end":{"line":21,"column":5}}},"4":{"name":"(anonymous_4)","decl":{"start":{"line":23,"column":4},"end":{"line":23,"column":9}},"loc":{"start":{"line":23,"column":68},"end":{"line":32,"column":5}}},"5":{"name":"(anonymous_5)","decl":{"start":{"line":34,"column":4},"end":{"line":34,"column":9}},"loc":{"start":{"line":34,"column":38},"end":{"line":36,"column":5}}}},"branchMap":{"0":{"loc":{"start":{"line":24,"column":8},"end":{"line":26,"column":9}},"type":"if","locations":[{"start":{"line":24,"column":8},"end":{"line":26,"column":9}},{"start":{},"end":{}}]},"1":{"loc":{"start":{"line":24,"column":12},"end":{"line":24,"column":61}},"type":"binary-expr","locations":[{"start":{"line":24,"column":12},"end":{"line":24,"column":30}},{"start":{"line":24,"column":34},"end":{"line":24,"column":61}}]},"2":{"loc":{"start":{"line":31,"column":15},"end":{"line":31,"column":41}},"type":"binary-expr","locations":[{"start":{"line":31,"column":15},"end":{"line":31,"column":33}},{"start":{"line":31,"column":37},"end":{"line":31,"column":41}}]}},"s":{"0":11,"1":2,"2":2,"3":2,"4":2,"5":2,"6":2,"7":4,"8":1,"9":3,"10":3,"11":2,"12":5},"f":{"0":11,"1":2,"2":2,"3":2,"4":4,"5":2},"b":{"0":[1,3],"1":[4,1],"2":[3,1]}}
,"/Users/sebashiguita/Documents/JESSoft-ProyectoFinal/JESSoft/src/core/aplicacion/casos-uso/PlanEstudioCasosUso.ts": {"path":"/Users/sebashiguita/Documents/JESSoft-ProyectoFinal/JESSoft/src/core/aplicacion/casos-uso/PlanEstudioCasosUso.ts","statementMap":{"0":{"start":{"line":3,"column":0},"end":{"line":3,"column":66}},"1":{"start":{"line":9,"column":8},"end":{"line":9,"column":61}},"2":{"start":{"line":13,"column":8},"end":{"line":13,"column":58}},"3":{"start":{"line":16,"column":8},"end":{"line":16,"column":60}},"4":{"start":{"line":19,"column":28},"end":{"line":23,"column":null}},"5":{"start":{"line":25,"column":35},"end":{"line":25,"column":87}},"6":{"start":{"line":26,"column":8},"end":{"line":26,"column":34}},"7":{"start":{"line":29,"column":8},"end":{"line":29,"column":56}},"8":{"start":{"line":32,"column":28},"end":{"line":36,"column":null}},"9":{"start":{"line":38,"column":8},"end":{"line":38,"column":66}},"10":{"start":{"line":39,"column":8},"end":{"line":39,"column":19}},"11":{"start":{"line":6,"column":0},"end":{"line":6,"column":13}}},"fnMap":{"0":{"name":"(anonymous_0)","decl":{"start":{"line":8,"column":4},"end":{"line":8,"column":16}},"loc":{"start":{"line":8,"column":63},"end":{"line":10,"column":5}}},"1":{"name":"(anonymous_1)","decl":{"start":{"line":12,"column":4},"end":{"line":12,"column":9}},"loc":{"start":{"line":12,"column":22},"end":{"line":14,"column":5}}},"2":{"name":"(anonymous_2)","decl":{"start":{"line":15,"column":4},"end":{"line":15,"column":9}},"loc":{"start":{"line":15,"column":33},"end":{"line":17,"column":5}}},"3":{"name":"(anonymous_3)","decl":{"start":{"line":18,"column":4},"end":{"line":18,"column":9}},"loc":{"start":{"line":18,"column":35},"end":{"line":27,"column":5}}},"4":{"name":"(anonymous_4)","decl":{"start":{"line":28,"column":4},"end":{"line":28,"column":9}},"loc":{"start":{"line":28,"column":29},"end":{"line":30,"column":5}}},"5":{"name":"(anonymous_5)","decl":{"start":{"line":31,"column":4},"end":{"line":31,"column":9}},"loc":{"start":{"line":31,"column":52},"end":{"line":40,"column":5}}}},"branchMap":{},"s":{"0":5,"1":13,"2":2,"3":1,"4":2,"5":2,"6":2,"7":2,"8":2,"9":2,"10":2,"11":5},"f":{"0":13,"1":2,"2":1,"3":2,"4":2,"5":2},"b":{}}
,"/Users/sebashiguita/Documents/JESSoft-ProyectoFinal/JESSoft/src/core/aplicacion/casos-uso/ProgramaAcademicoCasoUso.ts": {"path":"/Users/sebashiguita/Documents/JESSoft-ProyectoFinal/JESSoft/src/core/aplicacion/casos-uso/ProgramaAcademicoCasoUso.ts","statementMap":{"0":{"start":{"line":5,"column":24},"end":{"line":5,"column":83}},"1":{"start":{"line":8,"column":32},"end":{"line":8,"column":109}},"2":{"start":{"line":9,"column":8},"end":{"line":9,"column":31}},"3":{"start":{"line":13,"column":8},"end":{"line":13,"column":79}},"4":{"start":{"line":17,"column":33},"end":{"line":17,"column":102}},"5":{"start":{"line":18,"column":8},"end":{"line":18,"column":38}},"6":{"start":{"line":19,"column":8},"end":{"line":19,"column":32}},"7":{"start":{"line":24,"column":8},"end":{"line":26,"column":9}},"8":{"start":{"line":25,"column":12},"end":{"line":25,"column":85}},"9":{"start":{"line":27,"column":26},"end":{"line":27,"column":95}},"10":{"start":{"line":29,"column":8},"end":{"line":31,"column":9}},"11":{"start":{"line":30,"column":12},"end":{"line":30,"column":24}},"12":{"start":{"line":33,"column":28},"end":{"line":35,"column":null}},"13":{"start":{"line":38,"column":8},"end":{"line":38,"column":27}},"14":{"start":{"line":43,"column":8},"end":{"line":43,"column":74}},"15":{"start":{"line":4,"column":0},"end":{"line":4,"column":13}}},"fnMap":{"0":{"name":"(anonymous_0)","decl":{"start":{"line":5,"column":4},"end":{"line":5,"column":24}},"loc":{"start":{"line":5,"column":83},"end":{"line":5,"column":87}}},"1":{"name":"(anonymous_1)","decl":{"start":{"line":7,"column":4},"end":{"line":7,"column":9}},"loc":{"start":{"line":7,"column":66},"end":{"line":10,"column":5}}},"2":{"name":"(anonymous_2)","decl":{"start":{"line":12,"column":4},"end":{"line":12,"column":9}},"loc":{"start":{"line":12,"column":42},"end":{"line":14,"column":5}}},"3":{"name":"(anonymous_3)","decl":{"start":{"line":16,"column":4},"end":{"line":16,"column":9}},"loc":{"start":{"line":16,"column":46},"end":{"line":20,"column":5}}},"4":{"name":"(anonymous_4)","decl":{"start":{"line":22,"column":4},"end":{"line":22,"column":9}},"loc":{"start":{"line":22,"column":74},"end":{"line":39,"column":5}}},"5":{"name":"(anonymous_5)","decl":{"start":{"line":42,"column":4},"end":{"line":42,"column":9}},"loc":{"start":{"line":42,"column":42},"end":{"line":44,"column":5}}}},"branchMap":{"0":{"loc":{"start":{"line":24,"column":8},"end":{"line":26,"column":9}},"type":"if","locations":[{"start":{"line":24,"column":8},"end":{"line":26,"column":9}},{"start":{},"end":{}}]},"1":{"loc":{"start":{"line":24,"column":12},"end":{"line":24,"column":68}},"type":"binary-expr","locations":[{"start":{"line":24,"column":12},"end":{"line":24,"column":32}},{"start":{"line":24,"column":36},"end":{"line":24,"column":68}}]},"2":{"loc":{"start":{"line":29,"column":8},"end":{"line":31,"column":9}},"type":"if","locations":[{"start":{"line":29,"column":8},"end":{"line":31,"column":9}},{"start":{},"end":{}}]}},"s":{"0":14,"1":2,"2":2,"3":3,"4":4,"5":4,"6":4,"7":6,"8":2,"9":4,"10":4,"11":2,"12":2,"13":2,"14":3,"15":5},"f":{"0":14,"1":2,"2":3,"3":4,"4":6,"5":3},"b":{"0":[2,4],"1":[6,2],"2":[2,2]}}
,"/Users/sebashiguita/Documents/JESSoft-ProyectoFinal/JESSoft/src/core/dominio/entidades/Asignatura.ts": {"path":"/Users/sebashiguita/Documents/JESSoft-ProyectoFinal/JESSoft/src/core/dominio/entidades/Asignatura.ts","statementMap":{"0":{"start":{"line":19,"column":4},"end":{"line":19,"column":17}},"1":{"start":{"line":20,"column":4},"end":{"line":20,"column":25}},"2":{"start":{"line":21,"column":4},"end":{"line":21,"column":29}},"3":{"start":{"line":22,"column":4},"end":{"line":22,"column":39}},"4":{"start":{"line":23,"column":4},"end":{"line":23,"column":21}},"5":{"start":{"line":24,"column":4},"end":{"line":24,"column":35}},"6":{"start":{"line":3,"column":0},"end":{"line":3,"column":13}}},"fnMap":{"0":{"name":"(anonymous_0)","decl":{"start":{"line":11,"column":2},"end":{"line":11,"column":null}},"loc":{"start":{"line":17,"column":23},"end":{"line":25,"column":3}}}},"branchMap":{},"s":{"0":6,"1":6,"2":6,"3":6,"4":6,"5":6,"6":6},"f":{"0":6},"b":{}}
,"/Users/sebashiguita/Documents/JESSoft-ProyectoFinal/JESSoft/src/core/dominio/entidades/PlanEstudio.ts": {"path":"/Users/sebashiguita/Documents/JESSoft-ProyectoFinal/JESSoft/src/core/dominio/entidades/PlanEstudio.ts","statementMap":{"0":{"start":{"line":10,"column":8},"end":{"line":10,"column":31}},"1":{"start":{"line":11,"column":8},"end":{"line":11,"column":43}},"2":{"start":{"line":12,"column":8},"end":{"line":12,"column":39}},"3":{"start":{"line":13,"column":8},"end":{"line":13,"column":33}},"4":{"start":{"line":3,"column":0},"end":{"line":3,"column":13}}},"fnMap":{"0":{"name":"(anonymous_0)","decl":{"start":{"line":9,"column":4},"end":{"line":9,"column":16}},"loc":{"start":{"line":9,"column":93},"end":{"line":14,"column":5}}}},"branchMap":{},"s":{"0":7,"1":7,"2":7,"3":7,"4":5},"f":{"0":7},"b":{}}
,"/Users/sebashiguita/Documents/JESSoft-ProyectoFinal/JESSoft/src/core/infraestructura/postgres/AsignacionDocenteRepositorioPostgres.ts": {"path":"/Users/sebashiguita/Documents/JESSoft-ProyectoFinal/JESSoft/src/core/infraestructura/postgres/AsignacionDocenteRepositorioPostgres.ts","statementMap":{"0":{"start":{"line":2,"column":0},"end":{"line":2,"column":54}},"1":{"start":{"line":7,"column":21},"end":{"line":7,"column":88}},"2":{"start":{"line":7,"column":70},"end":{"line":7,"column":87}},"3":{"start":{"line":8,"column":47},"end":{"line":8,"column":84}},"4":{"start":{"line":9,"column":25},"end":{"line":9,"column":71}},"5":{"start":{"line":9,"column":48},"end":{"line":9,"column":59}},"6":{"start":{"line":11,"column":18},"end":{"line":15,"column":6}},"7":{"start":{"line":17,"column":22},"end":{"line":17,"column":63}},"8":{"start":{"line":18,"column":4},"end":{"line":18,"column":35}},"9":{"start":{"line":23,"column":16},"end":{"line":31,"column":6}},"10":{"start":{"line":33,"column":32},"end":{"line":33,"column":34}},"11":{"start":{"line":35,"column":6},"end":{"line":38,"column":7}},"12":{"start":{"line":36,"column":8},"end":{"line":36,"column":29}},"13":{"start":{"line":37,"column":8},"end":{"line":37,"column":29}},"14":{"start":{"line":40,"column":21},"end":{"line":40,"column":59}},"15":{"start":{"line":41,"column":6},"end":{"line":41,"column":25}},"16":{"start":{"line":46,"column":18},"end":{"line":53,"column":86}},"17":{"start":{"line":54,"column":19},"end":{"line":54,"column":65}},"18":{"start":{"line":55,"column":4},"end":{"line":55,"column":34}},"19":{"start":{"line":59,"column":21},"end":{"line":59,"column":88}},"20":{"start":{"line":59,"column":70},"end":{"line":59,"column":87}},"21":{"start":{"line":60,"column":23},"end":{"line":60,"column":60}},"22":{"start":{"line":61,"column":22},"end":{"line":61,"column":77}},"23":{"start":{"line":61,"column":47},"end":{"line":61,"column":65}},"24":{"start":{"line":62,"column":4},"end":{"line":62,"column":24}},"25":{"start":{"line":64,"column":18},"end":{"line":69,"column":6}},"26":{"start":{"line":71,"column":19},"end":{"line":71,"column":60}},"27":{"start":{"line":72,"column":4},"end":{"line":72,"column":26}},"28":{"start":{"line":76,"column":4},"end":{"line":76,"column":103}},"29":{"start":{"line":82,"column":18},"end":{"line":82,"column":63}},"30":{"start":{"line":83,"column":19},"end":{"line":83,"column":62}},"31":{"start":{"line":84,"column":4},"end":{"line":84,"column":39}},"32":{"start":{"line":88,"column":18},"end":{"line":88,"column":71}},"33":{"start":{"line":89,"column":19},"end":{"line":89,"column":61}},"34":{"start":{"line":90,"column":4},"end":{"line":90,"column":39}},"35":{"start":{"line":94,"column":18},"end":{"line":97,"column":6}},"36":{"start":{"line":98,"column":19},"end":{"line":98,"column":73}},"37":{"start":{"line":99,"column":4},"end":{"line":99,"column":39}},"38":{"start":{"line":103,"column":18},"end":{"line":103,"column":81}},"39":{"start":{"line":104,"column":19},"end":{"line":104,"column":62}},"40":{"start":{"line":105,"column":4},"end":{"line":105,"column":57}},"41":{"start":{"line":109,"column":18},"end":{"line":109,"column":81}},"42":{"start":{"line":110,"column":19},"end":{"line":110,"column":61}},"43":{"start":{"line":111,"column":4},"end":{"line":111,"column":39}},"44":{"start":{"line":5,"column":0},"end":{"line":5,"column":13}}},"fnMap":{"0":{"name":"(anonymous_0)","decl":{"start":{"line":6,"column":2},"end":{"line":6,"column":7}},"loc":{"start":{"line":6,"column":66},"end":{"line":19,"column":3}}},"1":{"name":"(anonymous_1)","decl":{"start":{"line":7,"column":61},"end":{"line":7,"column":62}},"loc":{"start":{"line":7,"column":70},"end":{"line":7,"column":87}}},"2":{"name":"(anonymous_2)","decl":{"start":{"line":9,"column":38},"end":{"line":9,"column":39}},"loc":{"start":{"line":9,"column":48},"end":{"line":9,"column":59}}},"3":{"name":"(anonymous_3)","decl":{"start":{"line":21,"column":2},"end":{"line":21,"column":7}},"loc":{"start":{"line":21,"column":42},"end":{"line":42,"column":5}}},"4":{"name":"(anonymous_4)","decl":{"start":{"line":45,"column":2},"end":{"line":45,"column":7}},"loc":{"start":{"line":45,"column":52},"end":{"line":56,"column":3}}},"5":{"name":"(anonymous_5)","decl":{"start":{"line":58,"column":2},"end":{"line":58,"column":7}},"loc":{"start":{"line":58,"column":83},"end":{"line":73,"column":3}}},"6":{"name":"(anonymous_6)","decl":{"start":{"line":59,"column":61},"end":{"line":59,"column":62}},"loc":{"start":{"line":59,"column":70},"end":{"line":59,"column":87}}},"7":{"name":"(anonymous_7)","decl":{"start":{"line":61,"column":35},"end":{"line":61,"column":36}},"loc":{"start":{"line":61,"column":47},"end":{"line":61,"column":65}}},"8":{"name":"(anonymous_8)","decl":{"start":{"line":75,"column":2},"end":{"line":75,"column":7}},"loc":{"start":{"line":75,"column":48},"end":{"line":77,"column":3}}},"9":{"name":"(anonymous_9)","decl":{"start":{"line":81,"column":2},"end":{"line":81,"column":7}},"loc":{"start":{"line":81,"column":53},"end":{"line":85,"column":3}}},"10":{"name":"(anonymous_10)","decl":{"start":{"line":87,"column":2},"end":{"line":87,"column":7}},"loc":{"start":{"line":87,"column":50},"end":{"line":91,"column":3}}},"11":{"name":"(anonymous_11)","decl":{"start":{"line":93,"column":2},"end":{"line":93,"column":7}},"loc":{"start":{"line":93,"column":74},"end":{"line":100,"column":3}}},"12":{"name":"(anonymous_12)","decl":{"start":{"line":102,"column":2},"end":{"line":102,"column":7}},"loc":{"start":{"line":102,"column":55},"end":{"line":106,"column":3}}},"13":{"name":"(anonymous_13)","decl":{"start":{"line":108,"column":4},"end":{"line":108,"column":9}},"loc":{"start":{"line":108,"column":54},"end":{"line":112,"column":3}}}},"branchMap":{"0":{"loc":{"start":{"line":35,"column":6},"end":{"line":38,"column":7}},"type":"if","locations":[{"start":{"line":35,"column":6},"end":{"line":38,"column":7}},{"start":{},"end":{}}]},"1":{"loc":{"start":{"line":55,"column":11},"end":{"line":55,"column":33}},"type":"binary-expr","locations":[{"start":{"line":55,"column":11},"end":{"line":55,"column":25}},{"start":{"line":55,"column":29},"end":{"line":55,"column":33}}]},"2":{"loc":{"start":{"line":84,"column":12},"end":{"line":84,"column":33}},"type":"binary-expr","locations":[{"start":{"line":84,"column":12},"end":{"line":84,"column":28}},{"start":{"line":84,"column":32},"end":{"line":84,"column":33}}]},"3":{"loc":{"start":{"line":90,"column":12},"end":{"line":90,"column":33}},"type":"binary-expr","locations":[{"start":{"line":90,"column":12},"end":{"line":90,"column":28}},{"start":{"line":90,"column":32},"end":{"line":90,"column":33}}]},"4":{"loc":{"start":{"line":99,"column":12},"end":{"line":99,"column":33}},"type":"binary-expr","locations":[{"start":{"line":99,"column":12},"end":{"line":99,"column":28}},{"start":{"line":99,"column":32},"end":{"line":99,"column":33}}]},"5":{"loc":{"start":{"line":105,"column":20},"end":{"line":105,"column":51}},"type":"binary-expr","locations":[{"start":{"line":105,"column":20},"end":{"line":105,"column":44}},{"start":{"line":105,"column":48},"end":{"line":105,"column":51}}]},"6":{"loc":{"start":{"line":111,"column":12},"end":{"line":111,"column":33}},"type":"binary-expr","locations":[{"start":{"line":111,"column":12},"end":{"line":111,"column":28}},{"start":{"line":111,"column":32},"end":{"line":111,"column":33}}]}},"s":{"0":3,"1":0,"2":0,"3":0,"4":0,"5":0,"6":0,"7":0,"8":0,"9":0,"10":0,"11":0,"12":0,"13":0,"14":0,"15":0,"16":0,"17":0,"18":0,"19":0,"20":0,"21":0,"22":0,"23":0,"24":0,"25":0,"26":0,"27":0,"28":0,"29":0,"30":0,"31":0,"32":0,"33":0,"34":0,"35":0,"36":0,"37":0,"38":0,"39":0,"40":0,"41":0,"42":0,"43":0,"44":3},"f":{"0":0,"1":0,"2":0,"3":0,"4":0,"5":0,"6":0,"7":0,"8":0,"9":0,"10":0,"11":0,"12":0,"13":0},"b":{"0":[0,0],"1":[0,0],"2":[0,0],"3":[0,0],"4":[0,0],"5":[0,0],"6":[0,0]}}
,"/Users/sebashiguita/Documents/JESSoft-ProyectoFinal/JESSoft/src/core/infraestructura/postgres/AsignaturaRepositorio.ts": {"path":"/Users/sebashiguita/Documents/JESSoft-ProyectoFinal/JESSoft/src/core/infraestructura/postgres/AsignaturaRepositorio.ts","statementMap":{"0":{"start":{"line":1,"column":0},"end":{"line":1,"column":64}},"1":{"start":{"line":3,"column":0},"end":{"line":3,"column":42}},"2":{"start":{"line":7,"column":23},"end":{"line":7,"column":67}},"3":{"start":{"line":8,"column":8},"end":{"line":18,"column":10}},"4":{"start":{"line":10,"column":16},"end":{"line":16,"column":null}},"5":{"start":{"line":22,"column":23},"end":{"line":24,"column":null}},"6":{"start":{"line":26,"column":20},"end":{"line":26,"column":34}},"7":{"start":{"line":27,"column":8},"end":{"line":27,"column":30}},"8":{"start":{"line":27,"column":18},"end":{"line":27,"column":30}},"9":{"start":{"line":29,"column":8},"end":{"line":36,"column":10}},"10":{"start":{"line":40,"column":34},"end":{"line":40,"column":78}},"11":{"start":{"line":41,"column":29},"end":{"line":43,"column":10}},"12":{"start":{"line":44,"column":8},"end":{"line":46,"column":9}},"13":{"start":{"line":45,"column":12},"end":{"line":45,"column":72}},"14":{"start":{"line":47,"column":22},"end":{"line":50,"column":6}},"15":{"start":{"line":51,"column":8},"end":{"line":57,"column":11}},"16":{"start":{"line":61,"column":30},"end":{"line":61,"column":81}},"17":{"start":{"line":62,"column":29},"end":{"line":64,"column":10}},"18":{"start":{"line":65,"column":8},"end":{"line":67,"column":9}},"19":{"start":{"line":66,"column":13},"end":{"line":66,"column":86}},"20":{"start":{"line":68,"column":8},"end":{"line":68,"column":82}},"21":{"start":{"line":69,"column":8},"end":{"line":69,"column":15}},"22":{"start":{"line":73,"column":30},"end":{"line":73,"column":81}},"23":{"start":{"line":74,"column":29},"end":{"line":76,"column":10}},"24":{"start":{"line":77,"column":8},"end":{"line":79,"column":9}},"25":{"start":{"line":78,"column":13},"end":{"line":78,"column":86}},"26":{"start":{"line":80,"column":22},"end":{"line":89,"column":6}},"27":{"start":{"line":91,"column":23},"end":{"line":98,"column":10}},"28":{"start":{"line":100,"column":23},"end":{"line":100,"column":54}},"29":{"start":{"line":101,"column":8},"end":{"line":101,"column":30}},"30":{"start":{"line":5,"column":0},"end":{"line":5,"column":13}}},"fnMap":{"0":{"name":"(anonymous_0)","decl":{"start":{"line":6,"column":4},"end":{"line":6,"column":9}},"loc":{"start":{"line":6,"column":22},"end":{"line":19,"column":5}}},"1":{"name":"(anonymous_1)","decl":{"start":{"line":9,"column":12},"end":{"line":9,"column":13}},"loc":{"start":{"line":10,"column":16},"end":{"line":16,"column":null}}},"2":{"name":"(anonymous_2)","decl":{"start":{"line":21,"column":4},"end":{"line":21,"column":9}},"loc":{"start":{"line":21,"column":33},"end":{"line":37,"column":5}}},"3":{"name":"(anonymous_3)","decl":{"start":{"line":39,"column":4},"end":{"line":39,"column":9}},"loc":{"start":{"line":39,"column":38},"end":{"line":58,"column":5}}},"4":{"name":"(anonymous_4)","decl":{"start":{"line":60,"column":4},"end":{"line":60,"column":9}},"loc":{"start":{"line":60,"column":29},"end":{"line":70,"column":5}}},"5":{"name":"(anonymous_5)","decl":{"start":{"line":72,"column":4},"end":{"line":72,"column":9}},"loc":{"start":{"line":72,"column":55},"end":{"line":102,"column":5}}}},"branchMap":{"0":{"loc":{"start":{"line":27,"column":8},"end":{"line":27,"column":30}},"type":"if","locations":[{"start":{"line":27,"column":8},"end":{"line":27,"column":30}},{"start":{},"end":{}}]},"1":{"loc":{"start":{"line":44,"column":8},"end":{"line":46,"column":9}},"type":"if","locations":[{"start":{"line":44,"column":8},"end":{"line":46,"column":9}},{"start":{},"end":{}}]},"2":{"loc":{"start":{"line":65,"column":8},"end":{"line":67,"column":9}},"type":"if","locations":[{"start":{"line":65,"column":8},"end":{"line":67,"column":9}},{"start":{},"end":{}}]},"3":{"loc":{"start":{"line":77,"column":8},"end":{"line":79,"column":9}},"type":"if","locations":[{"start":{"line":77,"column":8},"end":{"line":79,"column":9}},{"start":{},"end":{}}]}},"s":{"0":4,"1":4,"2":0,"3":0,"4":0,"5":0,"6":0,"7":0,"8":0,"9":0,"10":0,"11":0,"12":0,"13":0,"14":0,"15":0,"16":0,"17":0,"18":0,"19":0,"20":0,"21":0,"22":0,"23":0,"24":0,"25":0,"26":0,"27":0,"28":0,"29":0,"30":4},"f":{"0":0,"1":0,"2":0,"3":0,"4":0,"5":0},"b":{"0":[0,0],"1":[0,0],"2":[0,0],"3":[0,0]}}
,"/Users/sebashiguita/Documents/JESSoft-ProyectoFinal/JESSoft/src/core/infraestructura/postgres/ConexionPostgres.ts": {"path":"/Users/sebashiguita/Documents/JESSoft-ProyectoFinal/JESSoft/src/core/infraestructura/postgres/ConexionPostgres.ts","statementMap":{"0":{"start":{"line":10,"column":0},"end":{"line":10,"column":7}},"1":{"start":{"line":1,"column":0},"end":{"line":1,"column":26}},"2":{"start":{"line":2,"column":0},"end":{"line":2,"column":62}},"3":{"start":{"line":3,"column":13},"end":{"line":3,"column":47}},"4":{"start":{"line":5,"column":0},"end":{"line":9,"column":1}},"5":{"start":{"line":6,"column":2},"end":{"line":8,"column":69}},"6":{"start":{"line":7,"column":16},"end":{"line":7,"column":87}},"7":{"start":{"line":8,"column":18},"end":{"line":8,"column":67}},"8":{"start":{"line":14,"column":2},"end":{"line":14,"column":48}}},"fnMap":{"0":{"name":"(anonymous_0)","decl":{"start":{"line":7,"column":10},"end":{"line":7,"column":13}},"loc":{"start":{"line":7,"column":16},"end":{"line":7,"column":87}}},"1":{"name":"(anonymous_1)","decl":{"start":{"line":8,"column":11},"end":{"line":8,"column":14}},"loc":{"start":{"line":8,"column":18},"end":{"line":8,"column":67}}},"2":{"name":"ejecutarConsulta","decl":{"start":{"line":10,"column":22},"end":{"line":10,"column":38}},"loc":{"start":{"line":12,"column":37},"end":{"line":15,"column":1}}}},"branchMap":{"0":{"loc":{"start":{"line":5,"column":0},"end":{"line":9,"column":1}},"type":"if","locations":[{"start":{"line":5,"column":0},"end":{"line":9,"column":1}},{"start":{},"end":{}}]}},"s":{"0":2,"1":2,"2":2,"3":2,"4":2,"5":0,"6":0,"7":0,"8":0},"f":{"0":0,"1":0,"2":0},"b":{"0":[0,2]}}
,"/Users/sebashiguita/Documents/JESSoft-ProyectoFinal/JESSoft/src/core/infraestructura/postgres/DocenteRepositorioPostgres.ts": {"path":"/Users/sebashiguita/Documents/JESSoft-ProyectoFinal/JESSoft/src/core/infraestructura/postgres/DocenteRepositorioPostgres.ts","statementMap":{"0":{"start":{"line":2,"column":0},"end":{"line":2,"column":54}},"1":{"start":{"line":7,"column":19},"end":{"line":7,"column":76}},"2":{"start":{"line":7,"column":58},"end":{"line":7,"column":75}},"3":{"start":{"line":8,"column":45},"end":{"line":8,"column":72}},"4":{"start":{"line":9,"column":23},"end":{"line":9,"column":69}},"5":{"start":{"line":9,"column":46},"end":{"line":9,"column":57}},"6":{"start":{"line":11,"column":16},"end":{"line":15,"column":4}},"7":{"start":{"line":17,"column":2},"end":{"line":27,"column":3}},"8":{"start":{"line":18,"column":22},"end":{"line":18,"column":63}},"9":{"start":{"line":19,"column":4},"end":{"line":19,"column":40}},"10":{"start":{"line":22,"column":4},"end":{"line":24,"column":5}},"11":{"start":{"line":23,"column":6},"end":{"line":23,"column":42}},"12":{"start":{"line":26,"column":4},"end":{"line":26,"column":16}},"13":{"start":{"line":32,"column":16},"end":{"line":32,"column":63}},"14":{"start":{"line":33,"column":30},"end":{"line":33,"column":32}},"15":{"start":{"line":35,"column":4},"end":{"line":38,"column":5}},"16":{"start":{"line":36,"column":6},"end":{"line":36,"column":27}},"17":{"start":{"line":37,"column":6},"end":{"line":37,"column":27}},"18":{"start":{"line":40,"column":19},"end":{"line":40,"column":57}},"19":{"start":{"line":41,"column":4},"end":{"line":41,"column":23}},"20":{"start":{"line":45,"column":18},"end":{"line":45,"column":63}},"21":{"start":{"line":46,"column":19},"end":{"line":46,"column":62}},"22":{"start":{"line":47,"column":4},"end":{"line":47,"column":34}},"23":{"start":{"line":51,"column":21},"end":{"line":51,"column":78}},"24":{"start":{"line":51,"column":60},"end":{"line":51,"column":77}},"25":{"start":{"line":52,"column":23},"end":{"line":52,"column":50}},"26":{"start":{"line":53,"column":22},"end":{"line":53,"column":77}},"27":{"start":{"line":53,"column":47},"end":{"line":53,"column":65}},"28":{"start":{"line":54,"column":4},"end":{"line":54,"column":32}},"29":{"start":{"line":56,"column":18},"end":{"line":61,"column":6}},"30":{"start":{"line":63,"column":19},"end":{"line":63,"column":60}},"31":{"start":{"line":64,"column":4},"end":{"line":64,"column":34}},"32":{"start":{"line":68,"column":17},"end":{"line":70,"column":null}},"33":{"start":{"line":72,"column":2},"end":{"line":74,"column":3}},"34":{"start":{"line":73,"column":4},"end":{"line":73,"column":45}},"35":{"start":{"line":5,"column":0},"end":{"line":5,"column":13}}},"fnMap":{"0":{"name":"(anonymous_0)","decl":{"start":{"line":6,"column":2},"end":{"line":6,"column":7}},"loc":{"start":{"line":6,"column":43},"end":{"line":28,"column":1}}},"1":{"name":"(anonymous_1)","decl":{"start":{"line":7,"column":49},"end":{"line":7,"column":50}},"loc":{"start":{"line":7,"column":58},"end":{"line":7,"column":75}}},"2":{"name":"(anonymous_2)","decl":{"start":{"line":9,"column":36},"end":{"line":9,"column":37}},"loc":{"start":{"line":9,"column":46},"end":{"line":9,"column":57}}},"3":{"name":"(anonymous_3)","decl":{"start":{"line":31,"column":2},"end":{"line":31,"column":7}},"loc":{"start":{"line":31,"column":38},"end":{"line":42,"column":3}}},"4":{"name":"(anonymous_4)","decl":{"start":{"line":44,"column":2},"end":{"line":44,"column":7}},"loc":{"start":{"line":44,"column":46},"end":{"line":48,"column":3}}},"5":{"name":"(anonymous_5)","decl":{"start":{"line":50,"column":2},"end":{"line":50,"column":7}},"loc":{"start":{"line":50,"column":68},"end":{"line":65,"column":3}}},"6":{"name":"(anonymous_6)","decl":{"start":{"line":51,"column":51},"end":{"line":51,"column":52}},"loc":{"start":{"line":51,"column":60},"end":{"line":51,"column":77}}},"7":{"name":"(anonymous_7)","decl":{"start":{"line":53,"column":35},"end":{"line":53,"column":36}},"loc":{"start":{"line":53,"column":47},"end":{"line":53,"column":65}}},"8":{"name":"(anonymous_8)","decl":{"start":{"line":67,"column":2},"end":{"line":67,"column":7}},"loc":{"start":{"line":67,"column":42},"end":{"line":75,"column":1}}}},"branchMap":{"0":{"loc":{"start":{"line":22,"column":4},"end":{"line":24,"column":5}},"type":"if","locations":[{"start":{"line":22,"column":4},"end":{"line":24,"column":5}},{"start":{},"end":{}}]},"1":{"loc":{"start":{"line":35,"column":4},"end":{"line":38,"column":5}},"type":"if","locations":[{"start":{"line":35,"column":4},"end":{"line":38,"column":5}},{"start":{},"end":{}}]},"2":{"loc":{"start":{"line":47,"column":11},"end":{"line":47,"column":33}},"type":"binary-expr","locations":[{"start":{"line":47,"column":11},"end":{"line":47,"column":25}},{"start":{"line":47,"column":29},"end":{"line":47,"column":33}}]},"3":{"loc":{"start":{"line":64,"column":11},"end":{"line":64,"column":33}},"type":"binary-expr","locations":[{"start":{"line":64,"column":11},"end":{"line":64,"column":25}},{"start":{"line":64,"column":29},"end":{"line":64,"column":33}}]},"4":{"loc":{"start":{"line":72,"column":2},"end":{"line":74,"column":3}},"type":"if","locations":[{"start":{"line":72,"column":2},"end":{"line":74,"column":3}},{"start":{},"end":{}}]}},"s":{"0":4,"1":0,"2":0,"3":0,"4":0,"5":0,"6":0,"7":0,"8":0,"9":0,"10":0,"11":0,"12":0,"13":0,"14":0,"15":0,"16":0,"17":0,"18":0,"19":0,"20":0,"21":0,"22":0,"23":0,"24":0,"25":0,"26":0,"27":0,"28":0,"29":0,"30":0,"31":0,"32":0,"33":0,"34":0,"35":4},"f":{"0":0,"1":0,"2":0,"3":0,"4":0,"5":0,"6":0,"7":0,"8":0},"b":{"0":[0,0],"1":[0,0],"2":[0,0],"3":[0,0],"4":[0,0]}}
,"/Users/sebashiguita/Documents/JESSoft-ProyectoFinal/JESSoft/src/core/infraestructura/postgres/OfertaAcademicaRepositorioPostgres.ts": {"path":"/Users/sebashiguita/Documents/JESSoft-ProyectoFinal/JESSoft/src/core/infraestructura/postgres/OfertaAcademicaRepositorioPostgres.ts","statementMap":{"0":{"start":{"line":1,"column":0},"end":{"line":1,"column":54}},"1":{"start":{"line":9,"column":21},"end":{"line":9,"column":71}},"2":{"start":{"line":9,"column":53},"end":{"line":9,"column":70}},"3":{"start":{"line":10,"column":23},"end":{"line":10,"column":43}},"4":{"start":{"line":11,"column":25},"end":{"line":11,"column":71}},"5":{"start":{"line":11,"column":48},"end":{"line":11,"column":59}},"6":{"start":{"line":13,"column":18},"end":{"line":17,"column":6}},"7":{"start":{"line":19,"column":19},"end":{"line":19,"column":60}},"8":{"start":{"line":20,"column":4},"end":{"line":20,"column":36}},"9":{"start":{"line":25,"column":14},"end":{"line":39,"column":2}},"10":{"start":{"line":41,"column":25},"end":{"line":41,"column":27}},"11":{"start":{"line":43,"column":2},"end":{"line":46,"column":3}},"12":{"start":{"line":44,"column":4},"end":{"line":44,"column":25}},"13":{"start":{"line":45,"column":4},"end":{"line":45,"column":25}},"14":{"start":{"line":48,"column":17},"end":{"line":48,"column":55}},"15":{"start":{"line":49,"column":2},"end":{"line":49,"column":21}},"16":{"start":{"line":55,"column":15},"end":{"line":71,"column":2}},"17":{"start":{"line":73,"column":17},"end":{"line":73,"column":59}},"18":{"start":{"line":74,"column":2},"end":{"line":74,"column":32}},"19":{"start":{"line":80,"column":21},"end":{"line":80,"column":71}},"20":{"start":{"line":80,"column":53},"end":{"line":80,"column":70}},"21":{"start":{"line":81,"column":23},"end":{"line":81,"column":43}},"22":{"start":{"line":82,"column":22},"end":{"line":82,"column":77}},"23":{"start":{"line":82,"column":47},"end":{"line":82,"column":65}},"24":{"start":{"line":84,"column":4},"end":{"line":84,"column":31}},"25":{"start":{"line":86,"column":18},"end":{"line":91,"column":6}},"26":{"start":{"line":93,"column":19},"end":{"line":93,"column":60}},"27":{"start":{"line":94,"column":4},"end":{"line":94,"column":34}},"28":{"start":{"line":99,"column":16},"end":{"line":102,"column":4}},"29":{"start":{"line":104,"column":17},"end":{"line":104,"column":59}},"30":{"start":{"line":106,"column":2},"end":{"line":108,"column":3}},"31":{"start":{"line":107,"column":4},"end":{"line":107,"column":44}},"32":{"start":{"line":5,"column":0},"end":{"line":5,"column":13}}},"fnMap":{"0":{"name":"(anonymous_0)","decl":{"start":{"line":8,"column":2},"end":{"line":8,"column":7}},"loc":{"start":{"line":8,"column":43},"end":{"line":21,"column":3}}},"1":{"name":"(anonymous_1)","decl":{"start":{"line":9,"column":44},"end":{"line":9,"column":45}},"loc":{"start":{"line":9,"column":53},"end":{"line":9,"column":70}}},"2":{"name":"(anonymous_2)","decl":{"start":{"line":11,"column":38},"end":{"line":11,"column":39}},"loc":{"start":{"line":11,"column":48},"end":{"line":11,"column":59}}},"3":{"name":"(anonymous_3)","decl":{"start":{"line":24,"column":1},"end":{"line":24,"column":6}},"loc":{"start":{"line":24,"column":36},"end":{"line":50,"column":1}}},"4":{"name":"(anonymous_4)","decl":{"start":{"line":54,"column":2},"end":{"line":54,"column":7}},"loc":{"start":{"line":54,"column":44},"end":{"line":75,"column":1}}},"5":{"name":"(anonymous_5)","decl":{"start":{"line":79,"column":2},"end":{"line":79,"column":7}},"loc":{"start":{"line":79,"column":67},"end":{"line":95,"column":3}}},"6":{"name":"(anonymous_6)","decl":{"start":{"line":80,"column":44},"end":{"line":80,"column":45}},"loc":{"start":{"line":80,"column":53},"end":{"line":80,"column":70}}},"7":{"name":"(anonymous_7)","decl":{"start":{"line":82,"column":35},"end":{"line":82,"column":36}},"loc":{"start":{"line":82,"column":47},"end":{"line":82,"column":65}}},"8":{"name":"(anonymous_8)","decl":{"start":{"line":98,"column":2},"end":{"line":98,"column":7}},"loc":{"start":{"line":98,"column":40},"end":{"line":109,"column":1}}}},"branchMap":{"0":{"loc":{"start":{"line":43,"column":2},"end":{"line":46,"column":3}},"type":"if","locations":[{"start":{"line":43,"column":2},"end":{"line":46,"column":3}},{"start":{},"end":{}}]},"1":{"loc":{"start":{"line":74,"column":9},"end":{"line":74,"column":31}},"type":"binary-expr","locations":[{"start":{"line":74,"column":9},"end":{"line":74,"column":23}},{"start":{"line":74,"column":27},"end":{"line":74,"column":31}}]},"2":{"loc":{"start":{"line":94,"column":11},"end":{"line":94,"column":33}},"type":"binary-expr","locations":[{"start":{"line":94,"column":11},"end":{"line":94,"column":25}},{"start":{"line":94,"column":29},"end":{"line":94,"column":33}}]},"3":{"loc":{"start":{"line":106,"column":2},"end":{"line":108,"column":3}},"type":"if","locations":[{"start":{"line":106,"column":2},"end":{"line":108,"column":3}},{"start":{},"end":{}}]}},"s":{"0":4,"1":0,"2":0,"3":0,"4":0,"5":0,"6":0,"7":0,"8":0,"9":0,"10":0,"11":0,"12":0,"13":0,"14":0,"15":0,"16":0,"17":0,"18":0,"19":0,"20":0,"21":0,"22":0,"23":0,"24":0,"25":0,"26":0,"27":0,"28":0,"29":0,"30":0,"31":0,"32":4},"f":{"0":0,"1":0,"2":0,"3":0,"4":0,"5":0,"6":0,"7":0,"8":0},"b":{"0":[0,0],"1":[0,0],"2":[0,0],"3":[0,0]}}
,"/Users/sebashiguita/Documents/JESSoft-ProyectoFinal/JESSoft/src/core/infraestructura/postgres/PeriodoAcademicoRepositorioPostgres.ts": {"path":"/Users/sebashiguita/Documents/JESSoft-ProyectoFinal/JESSoft/src/core/infraestructura/postgres/PeriodoAcademicoRepositorioPostgres.ts","statementMap":{"0":{"start":{"line":2,"column":0},"end":{"line":2,"column":60}},"1":{"start":{"line":7,"column":21},"end":{"line":7,"column":87}},"2":{"start":{"line":7,"column":69},"end":{"line":7,"column":86}},"3":{"start":{"line":8,"column":47},"end":{"line":8,"column":83}},"4":{"start":{"line":9,"column":25},"end":{"line":9,"column":71}},"5":{"start":{"line":9,"column":48},"end":{"line":9,"column":59}},"6":{"start":{"line":11,"column":31},"end":{"line":14,"column":6}},"7":{"start":{"line":16,"column":4},"end":{"line":18,"column":5}},"8":{"start":{"line":17,"column":6},"end":{"line":17,"column":91}},"9":{"start":{"line":20,"column":29},"end":{"line":23,"column":6}},"10":{"start":{"line":25,"column":4},"end":{"line":27,"column":5}},"11":{"start":{"line":26,"column":6},"end":{"line":26,"column":94}},"12":{"start":{"line":29,"column":18},"end":{"line":33,"column":6}},"13":{"start":{"line":35,"column":22},"end":{"line":35,"column":63}},"14":{"start":{"line":36,"column":4},"end":{"line":36,"column":34}},"15":{"start":{"line":40,"column":16},"end":{"line":40,"column":49}},"16":{"start":{"line":41,"column":30},"end":{"line":41,"column":32}},"17":{"start":{"line":43,"column":4},"end":{"line":46,"column":5}},"18":{"start":{"line":44,"column":6},"end":{"line":44,"column":27}},"19":{"start":{"line":45,"column":6},"end":{"line":45,"column":27}},"20":{"start":{"line":48,"column":19},"end":{"line":48,"column":51}},"21":{"start":{"line":49,"column":4},"end":{"line":49,"column":23}},"22":{"start":{"line":53,"column":18},"end":{"line":53,"column":73}},"23":{"start":{"line":54,"column":19},"end":{"line":54,"column":62}},"24":{"start":{"line":55,"column":4},"end":{"line":55,"column":34}},"25":{"start":{"line":59,"column":21},"end":{"line":59,"column":87}},"26":{"start":{"line":59,"column":69},"end":{"line":59,"column":86}},"27":{"start":{"line":60,"column":23},"end":{"line":60,"column":59}},"28":{"start":{"line":61,"column":22},"end":{"line":61,"column":77}},"29":{"start":{"line":61,"column":47},"end":{"line":61,"column":65}},"30":{"start":{"line":62,"column":4},"end":{"line":62,"column":24}},"31":{"start":{"line":64,"column":18},"end":{"line":69,"column":6}},"32":{"start":{"line":71,"column":19},"end":{"line":71,"column":60}},"33":{"start":{"line":72,"column":4},"end":{"line":72,"column":26}},"34":{"start":{"line":76,"column":4},"end":{"line":76,"column":96}},"35":{"start":{"line":5,"column":0},"end":{"line":5,"column":13}}},"fnMap":{"0":{"name":"(anonymous_0)","decl":{"start":{"line":6,"column":2},"end":{"line":6,"column":7}},"loc":{"start":{"line":6,"column":61},"end":{"line":37,"column":3}}},"1":{"name":"(anonymous_1)","decl":{"start":{"line":7,"column":60},"end":{"line":7,"column":61}},"loc":{"start":{"line":7,"column":69},"end":{"line":7,"column":86}}},"2":{"name":"(anonymous_2)","decl":{"start":{"line":9,"column":38},"end":{"line":9,"column":39}},"loc":{"start":{"line":9,"column":48},"end":{"line":9,"column":59}}},"3":{"name":"(anonymous_3)","decl":{"start":{"line":39,"column":2},"end":{"line":39,"column":7}},"loc":{"start":{"line":39,"column":38},"end":{"line":50,"column":3}}},"4":{"name":"(anonymous_4)","decl":{"start":{"line":52,"column":2},"end":{"line":52,"column":7}},"loc":{"start":{"line":52,"column":46},"end":{"line":56,"column":3}}},"5":{"name":"(anonymous_5)","decl":{"start":{"line":58,"column":2},"end":{"line":58,"column":7}},"loc":{"start":{"line":58,"column":78},"end":{"line":73,"column":3}}},"6":{"name":"(anonymous_6)","decl":{"start":{"line":59,"column":60},"end":{"line":59,"column":61}},"loc":{"start":{"line":59,"column":69},"end":{"line":59,"column":86}}},"7":{"name":"(anonymous_7)","decl":{"start":{"line":61,"column":35},"end":{"line":61,"column":36}},"loc":{"start":{"line":61,"column":47},"end":{"line":61,"column":65}}},"8":{"name":"(anonymous_8)","decl":{"start":{"line":75,"column":2},"end":{"line":75,"column":7}},"loc":{"start":{"line":75,"column":42},"end":{"line":77,"column":3}}}},"branchMap":{"0":{"loc":{"start":{"line":16,"column":4},"end":{"line":18,"column":5}},"type":"if","locations":[{"start":{"line":16,"column":4},"end":{"line":18,"column":5}},{"start":{},"end":{}}]},"1":{"loc":{"start":{"line":25,"column":4},"end":{"line":27,"column":5}},"type":"if","locations":[{"start":{"line":25,"column":4},"end":{"line":27,"column":5}},{"start":{},"end":{}}]},"2":{"loc":{"start":{"line":43,"column":4},"end":{"line":46,"column":5}},"type":"if","locations":[{"start":{"line":43,"column":4},"end":{"line":46,"column":5}},{"start":{},"end":{}}]},"3":{"loc":{"start":{"line":55,"column":11},"end":{"line":55,"column":33}},"type":"binary-expr","locations":[{"start":{"line":55,"column":11},"end":{"line":55,"column":25}},{"start":{"line":55,"column":29},"end":{"line":55,"column":33}}]}},"s":{"0":3,"1":0,"2":0,"3":0,"4":0,"5":0,"6":0,"7":0,"8":0,"9":0,"10":0,"11":0,"12":0,"13":0,"14":0,"15":0,"16":0,"17":0,"18":0,"19":0,"20":0,"21":0,"22":0,"23":0,"24":0,"25":0,"26":0,"27":0,"28":0,"29":0,"30":0,"31":0,"32":0,"33":0,"34":0,"35":3},"f":{"0":0,"1":0,"2":0,"3":0,"4":0,"5":0,"6":0,"7":0,"8":0},"b":{"0":[0,0],"1":[0,0],"2":[0,0],"3":[0,0]}}
,"/Users/sebashiguita/Documents/JESSoft-ProyectoFinal/JESSoft/src/core/infraestructura/postgres/PlanEstudioRepositorio.ts": {"path":"/Users/sebashiguita/Documents/JESSoft-ProyectoFinal/JESSoft/src/core/infraestructura/postgres/PlanEstudioRepositorio.ts","statementMap":{"0":{"start":{"line":1,"column":0},"end":{"line":1,"column":66}},"1":{"start":{"line":3,"column":0},"end":{"line":3,"column":42}},"2":{"start":{"line":7,"column":23},"end":{"line":7,"column":69}},"3":{"start":{"line":8,"column":8},"end":{"line":16,"column":10}},"4":{"start":{"line":10,"column":16},"end":{"line":14,"column":null}},"5":{"start":{"line":20,"column":23},"end":{"line":22,"column":null}},"6":{"start":{"line":24,"column":20},"end":{"line":24,"column":34}},"7":{"start":{"line":25,"column":8},"end":{"line":25,"column":30}},"8":{"start":{"line":25,"column":18},"end":{"line":25,"column":30}},"9":{"start":{"line":27,"column":8},"end":{"line":32,"column":10}},"10":{"start":{"line":35,"column":30},"end":{"line":35,"column":77}},"11":{"start":{"line":36,"column":39},"end":{"line":36,"column":131}},"12":{"start":{"line":37,"column":47},"end":{"line":37,"column":121}},"13":{"start":{"line":38,"column":40},"end":{"line":42,"column":10}},"14":{"start":{"line":43,"column":8},"end":{"line":45,"column":9}},"15":{"start":{"line":44,"column":12},"end":{"line":44,"column":76}},"16":{"start":{"line":47,"column":48},"end":{"line":50,"column":10}},"17":{"start":{"line":51,"column":8},"end":{"line":53,"column":9}},"18":{"start":{"line":52,"column":12},"end":{"line":52,"column":97}},"19":{"start":{"line":54,"column":29},"end":{"line":56,"column":10}},"20":{"start":{"line":57,"column":8},"end":{"line":59,"column":9}},"21":{"start":{"line":58,"column":12},"end":{"line":58,"column":72}},"22":{"start":{"line":60,"column":22},"end":{"line":63,"column":10}},"23":{"start":{"line":64,"column":8},"end":{"line":68,"column":11}},"24":{"start":{"line":69,"column":8},"end":{"line":69,"column":35}},"25":{"start":{"line":73,"column":25},"end":{"line":73,"column":72}},"26":{"start":{"line":74,"column":29},"end":{"line":74,"column":61}},"27":{"start":{"line":75,"column":8},"end":{"line":77,"column":9}},"28":{"start":{"line":76,"column":12},"end":{"line":76,"column":72}},"29":{"start":{"line":78,"column":8},"end":{"line":80,"column":11}},"30":{"start":{"line":84,"column":39},"end":{"line":84,"column":131}},"31":{"start":{"line":85,"column":47},"end":{"line":85,"column":121}},"32":{"start":{"line":86,"column":40},"end":{"line":90,"column":10}},"33":{"start":{"line":91,"column":8},"end":{"line":93,"column":9}},"34":{"start":{"line":92,"column":12},"end":{"line":92,"column":76}},"35":{"start":{"line":95,"column":48},"end":{"line":98,"column":10}},"36":{"start":{"line":100,"column":8},"end":{"line":102,"column":9}},"37":{"start":{"line":101,"column":12},"end":{"line":101,"column":97}},"38":{"start":{"line":103,"column":22},"end":{"line":107,"column":6}},"39":{"start":{"line":108,"column":8},"end":{"line":113,"column":11}},"40":{"start":{"line":5,"column":0},"end":{"line":5,"column":13}}},"fnMap":{"0":{"name":"(anonymous_0)","decl":{"start":{"line":6,"column":4},"end":{"line":6,"column":9}},"loc":{"start":{"line":6,"column":22},"end":{"line":17,"column":5}}},"1":{"name":"(anonymous_1)","decl":{"start":{"line":9,"column":12},"end":{"line":9,"column":13}},"loc":{"start":{"line":10,"column":16},"end":{"line":14,"column":null}}},"2":{"name":"(anonymous_2)","decl":{"start":{"line":19,"column":4},"end":{"line":19,"column":9}},"loc":{"start":{"line":19,"column":33},"end":{"line":33,"column":5}}},"3":{"name":"(anonymous_3)","decl":{"start":{"line":34,"column":4},"end":{"line":34,"column":9}},"loc":{"start":{"line":34,"column":40},"end":{"line":70,"column":5}}},"4":{"name":"(anonymous_4)","decl":{"start":{"line":71,"column":4},"end":{"line":71,"column":9}},"loc":{"start":{"line":71,"column":29},"end":{"line":81,"column":5}}},"5":{"name":"(anonymous_5)","decl":{"start":{"line":83,"column":4},"end":{"line":83,"column":9}},"loc":{"start":{"line":83,"column":45},"end":{"line":114,"column":5}}}},"branchMap":{"0":{"loc":{"start":{"line":25,"column":8},"end":{"line":25,"column":30}},"type":"if","locations":[{"start":{"line":25,"column":8},"end":{"line":25,"column":30}},{"start":{},"end":{}}]},"1":{"loc":{"start":{"line":43,"column":8},"end":{"line":45,"column":9}},"type":"if","locations":[{"start":{"line":43,"column":8},"end":{"line":45,"column":9}},{"start":{},"end":{}}]},"2":{"loc":{"start":{"line":51,"column":8},"end":{"line":53,"column":9}},"type":"if","locations":[{"start":{"line":51,"column":8},"end":{"line":53,"column":9}},{"start":{},"end":{}}]},"3":{"loc":{"start":{"line":57,"column":8},"end":{"line":59,"column":9}},"type":"if","locations":[{"start":{"line":57,"column":8},"end":{"line":59,"column":9}},{"start":{},"end":{}}]},"4":{"loc":{"start":{"line":75,"column":8},"end":{"line":77,"column":9}},"type":"if","locations":[{"start":{"line":75,"column":8},"end":{"line":77,"column":9}},{"start":{},"end":{}}]},"5":{"loc":{"start":{"line":91,"column":8},"end":{"line":93,"column":9}},"type":"if","locations":[{"start":{"line":91,"column":8},"end":{"line":93,"column":9}},{"start":{},"end":{}}]},"6":{"loc":{"start":{"line":100,"column":8},"end":{"line":102,"column":9}},"type":"if","locations":[{"start":{"line":100,"column":8},"end":{"line":102,"column":9}},{"start":{},"end":{}}]}},"s":{"0":3,"1":3,"2":0,"3":0,"4":0,"5":0,"6":0,"7":0,"8":0,"9":0,"10":0,"11":0,"12":0,"13":0,"14":0,"15":0,"16":0,"17":0,"18":0,"19":0,"20":0,"21":0,"22":0,"23":0,"24":0,"25":0,"26":0,"27":0,"28":0,"29":0,"30":0,"31":0,"32":0,"33":0,"34":0,"35":0,"36":0,"37":0,"38":0,"39":0,"40":3},"f":{"0":0,"1":0,"2":0,"3":0,"4":0,"5":0},"b":{"0":[0,0],"1":[0,0],"2":[0,0],"3":[0,0],"4":[0,0],"5":[0,0],"6":[0,0]}}
,"/Users/sebashiguita/Documents/JESSoft-ProyectoFinal/JESSoft/src/core/infraestructura/postgres/ProgramaAcademicoRepositorioPostgres.ts": {"path":"/Users/sebashiguita/Documents/JESSoft-ProyectoFinal/JESSoft/src/core/infraestructura/postgres/ProgramaAcademicoRepositorioPostgres.ts","statementMap":{"0":{"start":{"line":2,"column":0},"end":{"line":2,"column":54}},"1":{"start":{"line":7,"column":21},"end":{"line":7,"column":88}},"2":{"start":{"line":7,"column":70},"end":{"line":7,"column":87}},"3":{"start":{"line":8,"column":47},"end":{"line":8,"column":84}},"4":{"start":{"line":9,"column":25},"end":{"line":9,"column":71}},"5":{"start":{"line":9,"column":48},"end":{"line":9,"column":59}},"6":{"start":{"line":11,"column":18},"end":{"line":15,"column":6}},"7":{"start":{"line":17,"column":22},"end":{"line":17,"column":63}},"8":{"start":{"line":18,"column":4},"end":{"line":18,"column":37}},"9":{"start":{"line":22,"column":16},"end":{"line":22,"column":50}},"10":{"start":{"line":23,"column":30},"end":{"line":23,"column":32}},"11":{"start":{"line":25,"column":4},"end":{"line":28,"column":5}},"12":{"start":{"line":26,"column":6},"end":{"line":26,"column":27}},"13":{"start":{"line":27,"column":6},"end":{"line":27,"column":27}},"14":{"start":{"line":30,"column":19},"end":{"line":30,"column":57}},"15":{"start":{"line":31,"column":4},"end":{"line":31,"column":23}},"16":{"start":{"line":35,"column":18},"end":{"line":35,"column":75}},"17":{"start":{"line":36,"column":19},"end":{"line":36,"column":63}},"18":{"start":{"line":37,"column":4},"end":{"line":37,"column":34}},"19":{"start":{"line":41,"column":21},"end":{"line":41,"column":88}},"20":{"start":{"line":41,"column":70},"end":{"line":41,"column":87}},"21":{"start":{"line":42,"column":23},"end":{"line":42,"column":60}},"22":{"start":{"line":43,"column":22},"end":{"line":43,"column":77}},"23":{"start":{"line":43,"column":47},"end":{"line":43,"column":65}},"24":{"start":{"line":44,"column":4},"end":{"line":44,"column":24}},"25":{"start":{"line":46,"column":18},"end":{"line":51,"column":6}},"26":{"start":{"line":53,"column":19},"end":{"line":53,"column":60}},"27":{"start":{"line":54,"column":4},"end":{"line":54,"column":26}},"28":{"start":{"line":58,"column":4},"end":{"line":58,"column":99}},"29":{"start":{"line":5,"column":0},"end":{"line":5,"column":13}}},"fnMap":{"0":{"name":"(anonymous_0)","decl":{"start":{"line":6,"column":2},"end":{"line":6,"column":7}},"loc":{"start":{"line":6,"column":64},"end":{"line":19,"column":3}}},"1":{"name":"(anonymous_1)","decl":{"start":{"line":7,"column":61},"end":{"line":7,"column":62}},"loc":{"start":{"line":7,"column":70},"end":{"line":7,"column":87}}},"2":{"name":"(anonymous_2)","decl":{"start":{"line":9,"column":38},"end":{"line":9,"column":39}},"loc":{"start":{"line":9,"column":48},"end":{"line":9,"column":59}}},"3":{"name":"(anonymous_3)","decl":{"start":{"line":21,"column":2},"end":{"line":21,"column":7}},"loc":{"start":{"line":21,"column":39},"end":{"line":32,"column":3}}},"4":{"name":"(anonymous_4)","decl":{"start":{"line":34,"column":2},"end":{"line":34,"column":7}},"loc":{"start":{"line":34,"column":48},"end":{"line":38,"column":3}}},"5":{"name":"(anonymous_5)","decl":{"start":{"line":40,"column":2},"end":{"line":40,"column":7}},"loc":{"start":{"line":40,"column":81},"end":{"line":55,"column":3}}},"6":{"name":"(anonymous_6)","decl":{"start":{"line":41,"column":61},"end":{"line":41,"column":62}},"loc":{"start":{"line":41,"column":70},"end":{"line":41,"column":87}}},"7":{"name":"(anonymous_7)","decl":{"start":{"line":43,"column":35},"end":{"line":43,"column":36}},"loc":{"start":{"line":43,"column":47},"end":{"line":43,"column":65}}},"8":{"name":"(anonymous_8)","decl":{"start":{"line":57,"column":2},"end":{"line":57,"column":7}},"loc":{"start":{"line":57,"column":44},"end":{"line":59,"column":3}}}},"branchMap":{"0":{"loc":{"start":{"line":25,"column":4},"end":{"line":28,"column":5}},"type":"if","locations":[{"start":{"line":25,"column":4},"end":{"line":28,"column":5}},{"start":{},"end":{}}]},"1":{"loc":{"start":{"line":37,"column":11},"end":{"line":37,"column":33}},"type":"binary-expr","locations":[{"start":{"line":37,"column":11},"end":{"line":37,"column":25}},{"start":{"line":37,"column":29},"end":{"line":37,"column":33}}]}},"s":{"0":3,"1":0,"2":0,"3":0,"4":0,"5":0,"6":0,"7":0,"8":0,"9":0,"10":0,"11":0,"12":0,"13":0,"14":0,"15":0,"16":0,"17":0,"18":0,"19":0,"20":0,"21":0,"22":0,"23":0,"24":0,"25":0,"26":0,"27":0,"28":0,"29":3},"f":{"0":0,"1":0,"2":0,"3":0,"4":0,"5":0,"6":0,"7":0,"8":0},"b":{"0":[0,0],"1":[0,0]}}
,"/Users/sebashiguita/Documents/JESSoft-ProyectoFinal/JESSoft/src/presentation/app.ts": {"path":"/Users/sebashiguita/Documents/JESSoft-ProyectoFinal/JESSoft/src/presentation/app.ts","statementMap":{"0":{"start":{"line":1,"column":0},"end":{"line":1,"column":30}},"1":{"start":{"line":3,"column":0},"end":{"line":3,"column":79}},"2":{"start":{"line":4,"column":0},"end":{"line":4,"column":81}},"3":{"start":{"line":5,"column":0},"end":{"line":5,"column":71}},"4":{"start":{"line":6,"column":0},"end":{"line":6,"column":69}},"5":{"start":{"line":7,"column":0},"end":{"line":7,"column":83}},"6":{"start":{"line":8,"column":0},"end":{"line":8,"column":85}},"7":{"start":{"line":9,"column":0},"end":{"line":9,"column":73}},"8":{"start":{"line":11,"column":13},"end":{"line":11,"column":45}},"9":{"start":{"line":13,"column":0},"end":{"line":24,"column":2}},"10":{"start":{"line":15,"column":4},"end":{"line":15,"column":44}},"11":{"start":{"line":16,"column":4},"end":{"line":16,"column":45}},"12":{"start":{"line":17,"column":4},"end":{"line":17,"column":42}},"13":{"start":{"line":18,"column":4},"end":{"line":18,"column":43}},"14":{"start":{"line":19,"column":4},"end":{"line":19,"column":48}},"15":{"start":{"line":20,"column":4},"end":{"line":20,"column":51}},"16":{"start":{"line":21,"column":4},"end":{"line":21,"column":43}},"17":{"start":{"line":26,"column":27},"end":{"line":43,"column":1}},"18":{"start":{"line":27,"column":2},"end":{"line":42,"column":3}},"19":{"start":{"line":29,"column":4},"end":{"line":29,"column":57}},"20":{"start":{"line":30,"column":4},"end":{"line":30,"column":80}},"21":{"start":{"line":32,"column":4},"end":{"line":32,"column":60}},"22":{"start":{"line":34,"column":38},"end":{"line":39,"column":6}},"23":{"start":{"line":41,"column":4},"end":{"line":41,"column":22}},"24":{"start":{"line":26,"column":13},"end":{"line":26,"column":27}}},"fnMap":{"0":{"name":"(anonymous_1)","decl":{"start":{"line":14,"column":2},"end":{"line":14,"column":7}},"loc":{"start":{"line":14,"column":24},"end":{"line":22,"column":3}}},"1":{"name":"(anonymous_2)","decl":{"start":{"line":26,"column":27},"end":{"line":26,"column":32}},"loc":{"start":{"line":26,"column":53},"end":{"line":43,"column":1}}}},"branchMap":{},"s":{"0":4,"1":4,"2":4,"3":4,"4":4,"5":4,"6":4,"7":4,"8":4,"9":4,"10":4,"11":4,"12":4,"13":4,"14":4,"15":4,"16":4,"17":4,"18":0,"19":0,"20":0,"21":0,"22":0,"23":0,"24":4},"f":{"0":4,"1":0},"b":{}}
,"/Users/sebashiguita/Documents/JESSoft-ProyectoFinal/JESSoft/src/presentation/controladores/AsignacionDocenteControlador.ts": {"path":"/Users/sebashiguita/Documents/JESSoft-ProyectoFinal/JESSoft/src/presentation/controladores/AsignacionDocenteControlador.ts","statementMap":{"0":{"start":{"line":4,"column":0},"end":{"line":4,"column":102}},"1":{"start":{"line":5,"column":0},"end":{"line":5,"column":31}},"2":{"start":{"line":8,"column":22},"end":{"line":8,"column":73}},"3":{"start":{"line":10,"column":2},"end":{"line":29,"column":4}},"4":{"start":{"line":14,"column":4},"end":{"line":28,"column":5}},"5":{"start":{"line":15,"column":25},"end":{"line":15,"column":38}},"6":{"start":{"line":16,"column":38},"end":{"line":16,"column":101}},"7":{"start":{"line":18,"column":6},"end":{"line":22,"column":9}},"8":{"start":{"line":24,"column":6},"end":{"line":27,"column":9}},"9":{"start":{"line":31,"column":2},"end":{"line":55,"column":4}},"10":{"start":{"line":35,"column":4},"end":{"line":54,"column":5}},"11":{"start":{"line":36,"column":32},"end":{"line":36,"column":46}},"12":{"start":{"line":37,"column":35},"end":{"line":37,"column":108}},"13":{"start":{"line":39,"column":6},"end":{"line":43,"column":7}},"14":{"start":{"line":40,"column":8},"end":{"line":42,"column":11}},"15":{"start":{"line":45,"column":6},"end":{"line":48,"column":9}},"16":{"start":{"line":50,"column":6},"end":{"line":53,"column":9}},"17":{"start":{"line":57,"column":2},"end":{"line":105,"column":4}},"18":{"start":{"line":61,"column":4},"end":{"line":104,"column":5}},"19":{"start":{"line":62,"column":30},"end":{"line":62,"column":74}},"20":{"start":{"line":65,"column":32},"end":{"line":65,"column":100}},"21":{"start":{"line":67,"column":6},"end":{"line":70,"column":9}},"22":{"start":{"line":74,"column":6},"end":{"line":79,"column":7}},"23":{"start":{"line":75,"column":8},"end":{"line":78,"column":11}},"24":{"start":{"line":82,"column":6},"end":{"line":98,"column":7}},"25":{"start":{"line":83,"column":24},"end":{"line":83,"column":35}},"26":{"start":{"line":86,"column":8},"end":{"line":88,"column":9}},"27":{"start":{"line":87,"column":10},"end":{"line":87,"column":51}},"28":{"start":{"line":91,"column":8},"end":{"line":97,"column":9}},"29":{"start":{"line":96,"column":10},"end":{"line":96,"column":51}},"30":{"start":{"line":100,"column":6},"end":{"line":103,"column":9}},"31":{"start":{"line":108,"column":2},"end":{"line":143,"column":4}},"32":{"start":{"line":112,"column":4},"end":{"line":142,"column":5}},"33":{"start":{"line":113,"column":32},"end":{"line":113,"column":46}},"34":{"start":{"line":114,"column":30},"end":{"line":114,"column":42}},"35":{"start":{"line":116,"column":6},"end":{"line":120,"column":7}},"36":{"start":{"line":117,"column":8},"end":{"line":119,"column":11}},"37":{"start":{"line":122,"column":36},"end":{"line":124,"column":null}},"38":{"start":{"line":127,"column":6},"end":{"line":131,"column":7}},"39":{"start":{"line":128,"column":8},"end":{"line":130,"column":11}},"40":{"start":{"line":133,"column":6},"end":{"line":136,"column":9}},"41":{"start":{"line":138,"column":6},"end":{"line":141,"column":9}},"42":{"start":{"line":145,"column":2},"end":{"line":163,"column":4}},"43":{"start":{"line":149,"column":4},"end":{"line":162,"column":5}},"44":{"start":{"line":150,"column":32},"end":{"line":150,"column":46}},"45":{"start":{"line":151,"column":6},"end":{"line":151,"column":76}},"46":{"start":{"line":153,"column":6},"end":{"line":156,"column":9}},"47":{"start":{"line":158,"column":6},"end":{"line":161,"column":9}},"48":{"start":{"line":7,"column":0},"end":{"line":7,"column":13}}},"fnMap":{"0":{"name":"(anonymous_0)","decl":{"start":{"line":8,"column":2},"end":{"line":8,"column":22}},"loc":{"start":{"line":8,"column":73},"end":{"line":8,"column":77}}},"1":{"name":"(anonymous_1)","decl":{"start":{"line":10,"column":24},"end":{"line":10,"column":29}},"loc":{"start":{"line":13,"column":6},"end":{"line":29,"column":3}}},"2":{"name":"(anonymous_2)","decl":{"start":{"line":31,"column":27},"end":{"line":31,"column":32}},"loc":{"start":{"line":34,"column":6},"end":{"line":55,"column":3}}},"3":{"name":"(anonymous_3)","decl":{"start":{"line":57,"column":20},"end":{"line":57,"column":25}},"loc":{"start":{"line":60,"column":6},"end":{"line":105,"column":3}}},"4":{"name":"(anonymous_4)","decl":{"start":{"line":108,"column":25},"end":{"line":108,"column":30}},"loc":{"start":{"line":111,"column":6},"end":{"line":143,"column":3}}},"5":{"name":"(anonymous_5)","decl":{"start":{"line":145,"column":23},"end":{"line":145,"column":28}},"loc":{"start":{"line":148,"column":6},"end":{"line":163,"column":3}}}},"branchMap":{"0":{"loc":{"start":{"line":26,"column":15},"end":{"line":26,"column":55}},"type":"cond-expr","locations":[{"start":{"line":26,"column":38},"end":{"line":26,"column":49}},{"start":{"line":26,"column":52},"end":{"line":26,"column":55}}]},"1":{"loc":{"start":{"line":39,"column":6},"end":{"line":43,"column":7}},"type":"if","locations":[{"start":{"line":39,"column":6},"end":{"line":43,"column":7}},{"start":{},"end":{}}]},"2":{"loc":{"start":{"line":52,"column":15},"end":{"line":52,"column":55}},"type":"cond-expr","locations":[{"start":{"line":52,"column":38},"end":{"line":52,"column":49}},{"start":{"line":52,"column":52},"end":{"line":52,"column":55}}]},"3":{"loc":{"start":{"line":74,"column":6},"end":{"line":79,"column":7}},"type":"if","locations":[{"start":{"line":74,"column":6},"end":{"line":79,"column":7}},{"start":{},"end":{}}]},"4":{"loc":{"start":{"line":77,"column":17},"end":{"line":77,"column":60}},"type":"binary-expr","locations":[{"start":{"line":77,"column":17},"end":{"line":77,"column":39}},{"start":{"line":77,"column":43},"end":{"line":77,"column":60}}]},"5":{"loc":{"start":{"line":82,"column":6},"end":{"line":98,"column":7}},"type":"if","locations":[{"start":{"line":82,"column":6},"end":{"line":98,"column":7}},{"start":{},"end":{}}]},"6":{"loc":{"start":{"line":86,"column":8},"end":{"line":88,"column":9}},"type":"if","locations":[{"start":{"line":86,"column":8},"end":{"line":88,"column":9}},{"start":{},"end":{}}]},"7":{"loc":{"start":{"line":91,"column":8},"end":{"line":97,"column":9}},"type":"if","locations":[{"start":{"line":91,"column":8},"end":{"line":97,"column":9}},{"start":{},"end":{}}]},"8":{"loc":{"start":{"line":92,"column":10},"end":{"line":94,"column":36}},"type":"binary-expr","locations":[{"start":{"line":92,"column":10},"end":{"line":92,"column":39}},{"start":{"line":93,"column":10},"end":{"line":93,"column":38}},{"start":{"line":94,"column":10},"end":{"line":94,"column":36}}]},"9":{"loc":{"start":{"line":102,"column":15},"end":{"line":102,"column":63}},"type":"cond-expr","locations":[{"start":{"line":102,"column":38},"end":{"line":102,"column":49}},{"start":{"line":102,"column":52},"end":{"line":102,"column":63}}]},"10":{"loc":{"start":{"line":116,"column":6},"end":{"line":120,"column":7}},"type":"if","locations":[{"start":{"line":116,"column":6},"end":{"line":120,"column":7}},{"start":{},"end":{}}]},"11":{"loc":{"start":{"line":116,"column":10},"end":{"line":116,"column":90}},"type":"binary-expr","locations":[{"start":{"line":116,"column":10},"end":{"line":116,"column":39}},{"start":{"line":116,"column":43},"end":{"line":116,"column":90}}]},"12":{"loc":{"start":{"line":127,"column":6},"end":{"line":131,"column":7}},"type":"if","locations":[{"start":{"line":127,"column":6},"end":{"line":131,"column":7}},{"start":{},"end":{}}]},"13":{"loc":{"start":{"line":140,"column":15},"end":{"line":140,"column":55}},"type":"cond-expr","locations":[{"start":{"line":140,"column":38},"end":{"line":140,"column":49}},{"start":{"line":140,"column":52},"end":{"line":140,"column":55}}]},"14":{"loc":{"start":{"line":160,"column":15},"end":{"line":160,"column":55}},"type":"cond-expr","locations":[{"start":{"line":160,"column":38},"end":{"line":160,"column":49}},{"start":{"line":160,"column":52},"end":{"line":160,"column":55}}]}},"s":{"0":4,"1":4,"2":4,"3":4,"4":1,"5":1,"6":1,"7":1,"8":0,"9":4,"10":2,"11":2,"12":2,"13":2,"14":1,"15":1,"16":0,"17":4,"18":3,"19":3,"20":3,"21":1,"22":2,"23":0,"24":2,"25":2,"26":2,"27":2,"28":0,"29":0,"30":0,"31":4,"32":2,"33":2,"34":2,"35":2,"36":0,"37":2,"38":2,"39":1,"40":1,"41":0,"42":4,"43":1,"44":1,"45":1,"46":1,"47":0,"48":4},"f":{"0":4,"1":1,"2":2,"3":3,"4":2,"5":1},"b":{"0":[0,0],"1":[1,1],"2":[0,0],"3":[0,2],"4":[0,0],"5":[2,0],"6":[2,0],"7":[0,0],"8":[0,0,0],"9":[0,0],"10":[0,2],"11":[2,0],"12":[1,1],"13":[0,0],"14":[0,0]}}
,"/Users/sebashiguita/Documents/JESSoft-ProyectoFinal/JESSoft/src/presentation/controladores/AsignaturaControlador.ts": {"path":"/Users/sebashiguita/Documents/JESSoft-ProyectoFinal/JESSoft/src/presentation/controladores/AsignaturaControlador.ts","statementMap":{"0":{"start":{"line":5,"column":0},"end":{"line":5,"column":81}},"1":{"start":{"line":6,"column":0},"end":{"line":6,"column":31}},"2":{"start":{"line":13,"column":22},"end":{"line":13,"column":50}},"3":{"start":{"line":16,"column":4},"end":{"line":31,"column":5}},"4":{"start":{"line":17,"column":30},"end":{"line":17,"column":63}},"5":{"start":{"line":18,"column":31},"end":{"line":18,"column":73}},"6":{"start":{"line":19,"column":6},"end":{"line":19,"column":52}},"7":{"start":{"line":21,"column":6},"end":{"line":28,"column":7}},"8":{"start":{"line":22,"column":8},"end":{"line":25,"column":11}},"9":{"start":{"line":26,"column":13},"end":{"line":28,"column":7}},"10":{"start":{"line":27,"column":8},"end":{"line":27,"column":64}},"11":{"start":{"line":29,"column":6},"end":{"line":29,"column":56}},"12":{"start":{"line":30,"column":6},"end":{"line":30,"column":84}},"13":{"start":{"line":35,"column":4},"end":{"line":47,"column":5}},"14":{"start":{"line":36,"column":26},"end":{"line":36,"column":60}},"15":{"start":{"line":37,"column":6},"end":{"line":37,"column":47}},"16":{"start":{"line":39,"column":6},"end":{"line":44,"column":7}},"17":{"start":{"line":40,"column":8},"end":{"line":43,"column":11}},"18":{"start":{"line":45,"column":6},"end":{"line":45,"column":58}},"19":{"start":{"line":46,"column":6},"end":{"line":46,"column":86}},"20":{"start":{"line":51,"column":4},"end":{"line":71,"column":5}},"21":{"start":{"line":52,"column":18},"end":{"line":52,"column":51}},"22":{"start":{"line":53,"column":17},"end":{"line":53,"column":30}},"23":{"start":{"line":54,"column":36},"end":{"line":54,"column":75}},"24":{"start":{"line":56,"column":6},"end":{"line":58,"column":7}},"25":{"start":{"line":57,"column":8},"end":{"line":57,"column":77}},"26":{"start":{"line":59,"column":6},"end":{"line":59,"column":57}},"27":{"start":{"line":61,"column":6},"end":{"line":68,"column":7}},"28":{"start":{"line":62,"column":8},"end":{"line":65,"column":11}},"29":{"start":{"line":66,"column":13},"end":{"line":68,"column":7}},"30":{"start":{"line":67,"column":8},"end":{"line":67,"column":64}},"31":{"start":{"line":69,"column":6},"end":{"line":69,"column":61}},"32":{"start":{"line":70,"column":6},"end":{"line":70,"column":89}},"33":{"start":{"line":75,"column":4},"end":{"line":93,"column":5}},"34":{"start":{"line":76,"column":17},"end":{"line":76,"column":30}},"35":{"start":{"line":77,"column":6},"end":{"line":77,"column":39}},"36":{"start":{"line":78,"column":6},"end":{"line":81,"column":9}},"37":{"start":{"line":83,"column":6},"end":{"line":90,"column":7}},"38":{"start":{"line":84,"column":8},"end":{"line":87,"column":11}},"39":{"start":{"line":88,"column":13},"end":{"line":90,"column":7}},"40":{"start":{"line":89,"column":8},"end":{"line":89,"column":64}},"41":{"start":{"line":91,"column":6},"end":{"line":91,"column":59}},"42":{"start":{"line":92,"column":6},"end":{"line":92,"column":87}},"43":{"start":{"line":12,"column":0},"end":{"line":12,"column":13}}},"fnMap":{"0":{"name":"(anonymous_0)","decl":{"start":{"line":13,"column":2},"end":{"line":13,"column":22}},"loc":{"start":{"line":13,"column":50},"end":{"line":13,"column":55}}},"1":{"name":"(anonymous_1)","decl":{"start":{"line":15,"column":2},"end":{"line":15,"column":7}},"loc":{"start":{"line":15,"column":77},"end":{"line":32,"column":3}}},"2":{"name":"(anonymous_2)","decl":{"start":{"line":34,"column":2},"end":{"line":34,"column":7}},"loc":{"start":{"line":34,"column":53},"end":{"line":48,"column":3}}},"3":{"name":"(anonymous_3)","decl":{"start":{"line":50,"column":2},"end":{"line":50,"column":7}},"loc":{"start":{"line":50,"column":106},"end":{"line":72,"column":3}}},"4":{"name":"(anonymous_4)","decl":{"start":{"line":74,"column":2},"end":{"line":74,"column":7}},"loc":{"start":{"line":74,"column":83},"end":{"line":94,"column":3}}}},"branchMap":{"0":{"loc":{"start":{"line":21,"column":6},"end":{"line":28,"column":7}},"type":"if","locations":[{"start":{"line":21,"column":6},"end":{"line":28,"column":7}},{"start":{"line":26,"column":13},"end":{"line":28,"column":7}}]},"1":{"loc":{"start":{"line"
[...]
,"/Users/sebashiguita/Documents/JESSoft-ProyectoFinal/JESSoft/src/presentation/esquemas/AsignacionDocenteEsquema.ts": {"path":"/Users/sebashiguita/Documents/JESSoft-ProyectoFinal/JESSoft/src/presentation/esquemas/AsignacionDocenteEsquema.ts","statementMap":{"0":{"start":{"line":1,"column":0},"end":{"line":1,"column":24}},"1":{"start":{"line":3,"column":19},"end":{"line":6,"column":18}},"2":{"start":{"line":4,"column":2},"end":{"line":6,"column":18}},"3":{"start":{"line":8,"column":13},"end":{"line":19,"column":3}}},"fnMap":{"0":{"name":"(anonymous_0)","decl":{"start":{"line":3,"column":19},"end":{"line":3,"column":20}},"loc":{"start":{"line":4,"column":2},"end":{"line":6,"column":18}}}},"branchMap":{},"s":{"0":4,"1":4,"2":6,"3":4},"f":{"0":6},"b":{}}
,"/Users/sebashiguita/Documents/JESSoft-ProyectoFinal/JESSoft/src/presentation/esquemas/AsignaturaEsquema.ts": {"path":"/Users/sebashiguita/Documents/JESSoft-ProyectoFinal/JESSoft/src/presentation/esquemas/AsignaturaEsquema.ts","statementMap":{"0":{"start":{"line":1,"column":0},"end":{"line":1,"column":24}},"1":{"start":{"line":3,"column":20},"end":{"line":7,"column":43}},"2":{"start":{"line":4,"column":2},"end":{"line":7,"column":43}},"3":{"start":{"line":7,"column":27},"end":{"line":7,"column":42}},"4":{"start":{"line":9,"column":13},"end":{"line":44,"column":3}},"5":{"start":{"line":37,"column":22},"end":{"line":37,"column":37}}},"fnMap":{"0":{"name":"(anonymous_0)","decl":{"start":{"line":3,"column":20},"end":{"line":3,"column":21}},"loc":{"start":{"line":4,"column":2},"end":{"line":7,"column":43}}},"1":{"name":"(anonymous_1)","decl":{"start":{"line":7,"column":20},"end":{"line":7,"column":21}},"loc":{"start":{"line":7,"column":27},"end":{"line":7,"column":42}}},"2":{"name":"(anonymous_2)","decl":{"start":{"line":37,"column":15},"end":{"line":37,"column":16}},"loc":{"start":{"line":37,"column":22},"end":{"line":37,"column":37}}}},"branchMap":{},"s":{"0":5,"1":5,"2":7,"3":7,"4":5,"5":4},"f":{"0":7,"1":7,"2":4},"b":{}}
,"/Users/sebashiguita/Documents/JESSoft-ProyectoFinal/JESSoft/src/presentation/esquemas/DocenteEsquema.ts": {"path":"/Users/sebashiguita/Documents/JESSoft-ProyectoFinal/JESSoft/src/presentation/esquemas/DocenteEsquema.ts","statementMap":{"0":{"start":{"line":1,"column":0},"end":{"line":1,"column":24}},"1":{"start":{"line":3,"column":20},"end":{"line":7,"column":43}},"2":{"start":{"line":4,"column":2},"end":{"line":7,"column":43}},"3":{"start":{"line":7,"column":27},"end":{"line":7,"column":42}},"4":{"start":{"line":9,"column":13},"end":{"line":40,"column":3}}},"fnMap":{"0":{"name":"(anonymous_0)","decl":{"start":{"line":3,"column":20},"end":{"line":3,"column":21}},"loc":{"start":{"line":4,"column":2},"end":{"line":7,"column":43}}},"1":{"name":"(anonymous_1)","decl":{"start":{"line":7,"column":20},"end":{"line":7,"column":21}},"loc":{"start":{"line":7,"column":27},"end":{"line":7,"column":42}}}},"branchMap":{},"s":{"0":5,"1":5,"2":0,"3":0,"4":5},"f":{"0":0,"1":0},"b":{}}
,"/Users/sebashiguita/Documents/JESSoft-ProyectoFinal/JESSoft/src/presentation/esquemas/OfertaAcademicaEsquema.ts": {"path":"/Users/sebashiguita/Documents/JESSoft-ProyectoFinal/JESSoft/src/presentation/esquemas/OfertaAcademicaEsquema.ts","statementMap":{"0":{"start":{"line":1,"column":0},"end":{"line":1,"column":24}},"1":{"start":{"line":3,"column":20},"end":{"line":7,"column":43}},"2":{"start":{"line":4,"column":2},"end":{"line":7,"column":43}},"3":{"start":{"line":7,"column":27},"end":{"line":7,"column":42}},"4":{"start":{"line":9,"column":13},"end":{"line":34,"column":3}},"5":{"start":{"line":14,"column":22},"end":{"line":14,"column":30}},"6":{"start":{"line":20,"column":22},"end":{"line":20,"column":30}}},"fnMap":{"0":{"name":"(anonymous_0)","decl":{"start":{"line":3,"column":20},"end":{"line":3,"column":21}},"loc":{"start":{"line":4,"column":2},"end":{"line":7,"column":43}}},"1":{"name":"(anonymous_1)","decl":{"start":{"line":7,"column":20},"end":{"line":7,"column":21}},"loc":{"start":{"line":7,"column":27},"end":{"line":7,"column":42}}},"2":{"name":"(anonymous_2)","decl":{"start":{"line":14,"column":15},"end":{"line":14,"column":16}},"loc":{"start":{"line":14,"column":22},"end":{"line":14,"column":30}}},"3":{"name":"(anonymous_3)","decl":{"start":{"line":20,"column":15},"end":{"line":20,"column":16}},"loc":{"start":{"line":20,"column":22},"end":{"line":20,"column":30}}}},"branchMap":{},"s":{"0":5,"1":5,"2":2,"3":2,"4":5,"5":2,"6":2},"f":{"0":2,"1":2,"2":2,"3":2},"b":{}}
,"/Users/sebashiguita/Documents/JESSoft-ProyectoFinal/JESSoft/src/presentation/esquemas/PeriodoAcademicoEsquema.ts": {"path":"/Users/sebashiguita/Documents/JESSoft-ProyectoFinal/JESSoft/src/presentation/esquemas/PeriodoAcademicoEsquema.ts","statementMap":{"0":{"start":{"line":1,"column":0},"end":{"line":1,"column":24}},"1":{"start":{"line":3,"column":20},"end":{"line":7,"column":43}},"2":{"start":{"line":4,"column":2},"end":{"line":7,"column":43}},"3":{"start":{"line":7,"column":27},"end":{"line":7,"column":42}},"4":{"start":{"line":9,"column":18},"end":{"line":12,"column":18}},"5":{"start":{"line":10,"column":2},"end":{"line":12,"column":18}},"6":{"start":{"line":14,"column":13},"end":{"line":37,"column":3}}},"fnMap":{"0":{"name":"(anonymous_0)","decl":{"start":{"line":3,"column":20},"end":{"line":3,"column":21}},"loc":{"start":{"line":4,"column":2},"end":{"line":7,"column":43}}},"1":{"name":"(anonymous_1)","decl":{"start":{"line":7,"column":20},"end":{"line":7,"column":21}},"loc":{"start":{"line":7,"column":27},"end":{"line":7,"column":42}}},"2":{"name":"(anonymous_2)","decl":{"start":{"line":9,"column":18},"end":{"line":9,"column":19}},"loc":{"start":{"line":10,"column":2},"end":{"line":12,"column":18}}}},"branchMap":{},"s":{"0":4,"1":4,"2":1,"3":1,"4":4,"5":1,"6":4},"f":{"0":1,"1":1,"2":1},"b":{}}
,"/Users/sebashiguita/Documents/JESSoft-ProyectoFinal/JESSoft/src/presentation/esquemas/PlanDeEstudioEsquema.ts": {"path":"/Users/sebashiguita/Documents/JESSoft-ProyectoFinal/JESSoft/src/presentation/esquemas/PlanDeEstudioEsquema.ts","statementMap":{"0":{"start":{"line":1,"column":0},"end":{"line":1,"column":24}},"1":{"start":{"line":3,"column":13},"end":{"line":18,"column":3}}},"fnMap":{},"branchMap":{},"s":{"0":4,"1":4},"f":{},"b":{}}
,"/Users/sebashiguita/Documents/JESSoft-ProyectoFinal/JESSoft/src/presentation/esquemas/ProgramaAcademicoEsquema.ts": {"path":"/Users/sebashiguita/Documents/JESSoft-ProyectoFinal/JESSoft/src/presentation/esquemas/ProgramaAcademicoEsquema.ts","statementMap":{"0":{"start":{"line":1,"column":0},"end":{"line":1,"column":24}},"1":{"start":{"line":3,"column":20},"end":{"line":7,"column":43}},"2":{"start":{"line":4,"column":2},"end":{"line":7,"column":43}},"3":{"start":{"line":7,"column":27},"end":{"line":7,"column":42}},"4":{"start":{"line":9,"column":13},"end":{"line":50,"column":3}},"5":{"start":{"line":40,"column":22},"end":{"line":40,"column":30}}},"fnMap":{"0":{"name":"(anonymous_0)","decl":{"start":{"line":3,"column":20},"end":{"line":3,"column":21}},"loc":{"start":{"line":4,"column":2},"end":{"line":7,"column":43}}},"1":{"name":"(anonymous_1)","decl":{"start":{"line":7,"column":20},"end":{"line":7,"column":21}},"loc":{"start":{"line":7,"column":27},"end":{"line":7,"column":42}}},"2":{"name":"(anonymous_2)","decl":{"start":{"line":40,"column":15},"end":{"line":40,"column":16}},"loc":{"start":{"line":40,"column":22},"end":{"line":40,"column":30}}}},"branchMap":{},"s":{"0":4,"1":4,"2":4,"3":4,"4":4,"5":1},"f":{"0":4,"1":4,"2":1},"b":{}}
,"/Users/sebashiguita/Documents/JESSoft-ProyectoFinal/JESSoft/src/presentation/rutas/AsignacionDocenteEnrutador.ts": {"path":"/Users/sebashiguita/Documents/JESSoft-ProyectoFinal/JESSoft/src/presentation/rutas/AsignacionDocenteEnrutador.ts","statementMap":{"0":{"start":{"line":18,"column":0},"end":{"line":18,"column":7}},"1":{"start":{"line":2,"column":0},"end":{"line":2,"column":93}},"2":{"start":{"line":4,"column":0},"end":{"line":4,"column":100}},"3":{"start":{"line":5,"column":0},"end":{"line":5,"column":120}},"4":{"start":{"line":11,"column":2},"end":{"line":11,"column":70}},"5":{"start":{"line":12,"column":2},"end":{"line":12,"column":88}},"6":{"start":{"line":13,"column":2},"end":{"line":13,"column":67}},"7":{"start":{"line":14,"column":2},"end":{"line":14,"column":86}},"8":{"start":{"line":15,"column":2},"end":{"line":15,"column":87}},"9":{"start":{"line":19,"column":65},"end":{"line":19,"column":99}},"10":{"start":{"line":20,"column":31},"end":{"line":20,"column":84}},"11":{"start":{"line":21,"column":33},"end":{"line":21,"column":87}},"12":{"start":{"line":23,"column":2},"end":{"line":23,"column":58}}},"fnMap":{"0":{"name":"asignacionDocenteEnrutador","decl":{"start":{"line":7,"column":9},"end":{"line":7,"column":35}},"loc":{"start":{"line":9,"column":53},"end":{"line":16,"column":1}}},"1":{"name":"construirAsignacionesEnrutador","decl":{"start":{"line":18,"column":22},"end":{"line":18,"column":52}},"loc":{"start":{"line":18,"column":73},"end":{"line":24,"column":1}}}},"branchMap":{},"s":{"0":4,"1":4,"2":4,"3":4,"4":4,"5":4,"6":4,"7":4,"8":4,"9":4,"10":4,"11":4,"12":4},"f":{"0":4,"1":4},"b":{}}
,"/Users/sebashiguita/Documents/JESSoft-ProyectoFinal/JESSoft/src/presentation/rutas/AsignaturaEnrutador.ts": {"path":"/Users/sebashiguita/Documents/JESSoft-ProyectoFinal/JESSoft/src/presentation/rutas/AsignaturaEnrutador.ts","statementMap":{"0":{"start":{"line":14,"column":0},"end":{"line":14,"column":7}},"1":{"start":{"line":2,"column":0},"end":{"line":2,"column":79}},"2":{"start":{"line":3,"column":0},"end":{"line":3,"column":98}},"3":{"start":{"line":4,"column":0},"end":{"line":4,"column":88}},"4":{"start":{"line":8,"column":2},"end":{"line":8,"column":56}},"5":{"start":{"line":9,"column":2},"end":{"line":9,"column":56}},"6":{"start":{"line":10,"column":2},"end":{"line":10,"column":64}},"7":{"start":{"line":11,"column":2},"end":{"line":11,"column":65}},"8":{"start":{"line":15,"column":58},"end":{"line":15,"column":85}},"9":{"start":{"line":16,"column":31},"end":{"line":16,"column":76}},"10":{"start":{"line":17,"column":34},"end":{"line":17,"column":79}},"11":{"start":{"line":18,"column":4},"end":{"line":18,"column":52}}},"fnMap":{"0":{"name":"asignaturaEnrutador","decl":{"start":{"line":7,"column":9},"end":{"line":7,"column":28}},"loc":{"start":{"line":7,"column":95},"end":{"line":12,"column":1}}},"1":{"name":"registrarAsignaturaRutas","decl":{"start":{"line":14,"column":22},"end":{"line":14,"column":46}},"loc":{"start":{"line":14,"column":67},"end":{"line":19,"column":1}}}},"branchMap":{},"s":{"0":4,"1":4,"2":4,"3":4,"4":4,"5":4,"6":4,"7":4,"8":4,"9":4,"10":4,"11":4},"f":{"0":4,"1":4},"b":{}}
,"/Users/sebashiguita/Documents/JESSoft-ProyectoFinal/JESSoft/src/presentation/rutas/DocenteEnrutador.ts": {"path":"/Users/sebashiguita/Documents/JESSoft-ProyectoFinal/JESSoft/src/presentation/rutas/DocenteEnrutador.ts","statementMap":{"0":{"start":{"line":18,"column":0},"end":{"line":18,"column":7}},"1":{"start":{"line":2,"column":0},"end":{"line":2,"column":73}},"2":{"start":{"line":4,"column":0},"end":{"line":4,"column":108}},"3":{"start":{"line":5,"column":0},"end":{"line":5,"column":80}},"4":{"start":{"line":11,"column":2},"end":{"line":11,"column":59}},"5":{"start":{"line":12,"column":2},"end":{"line":12,"column":75}},"6":{"start":{"line":13,"column":2},"end":{"line":13,"column":57}},"7":{"start":{"line":14,"column":2},"end":{"line":14,"column":73}},"8":{"start":{"line":15,"column":2},"end":{"line":15,"column":74}},"9":{"start":{"line":19,"column":50},"end":{"line":19,"column":82}},"10":{"start":{"line":20,"column":25},"end":{"line":20,"column":63}},"11":{"start":{"line":21,"column":29},"end":{"line":21,"column":67}},"12":{"start":{"line":23,"column":2},"end":{"line":23,"column":44}}},"fnMap":{"0":{"name":"docenteEnrutador","decl":{"start":{"line":7,"column":9},"end":{"line":7,"column":25}},"loc":{"start":{"line":9,"column":40},"end":{"line":16,"column":1}}},"1":{"name":"construirDocenteEnrutador","decl":{"start":{"line":18,"column":22},"end":{"line":18,"column":47}},"loc":{"start":{"line":18,"column":68},"end":{"line":24,"column":1}}}},"branchMap":{},"s":{"0":5,"1":5,"2":5,"3":5,"4":5,"5":5,"6":5,"7":5,"8":5,"9":5,"10":5,"11":5,"12":5},"f":{"0":5,"1":5},"b":{}}
,"/Users/sebashiguita/Documents/JESSoft-ProyectoFinal/JESSoft/src/presentation/rutas/OfertaAcademicaEnrutador.ts": {"path":"/Users/sebashiguita/Documents/JESSoft-ProyectoFinal/JESSoft/src/presentation/rutas/OfertaAcademicaEnrutador.ts","statementMap":{"0":{"start":{"line":18,"column":0},"end":{"line":18,"column":7}},"1":{"start":{"line":2,"column":0},"end":{"line":2,"column":89}},"2":{"start":{"line":4,"column":0},"end":{"line":4,"column":124}},"3":{"start":{"line":5,"column":0},"end":{"line":5,"column":96}},"4":{"start":{"line":11,"column":2},"end":{"line":11,"column":55}},"5":{"start":{"line":12,"column":2},"end":{"line":12,"column":71}},"6":{"start":{"line":13,"column":2},"end":{"line":13,"column":54}},"7":{"start":{"line":14,"column":2},"end":{"line":14,"column":69}},"8":{"start":{"line":15,"column":2},"end":{"line":15,"column":70}},"9":{"start":{"line":20,"column":4},"end":{"line":20,"column":44}},"10":{"start":{"line":22,"column":24},"end":{"line":22,"column":69}},"11":{"start":{"line":24,"column":28},"end":{"line":24,"column":73}},"12":{"start":{"line":26,"column":2},"end":{"line":26,"column":51}}},"fnMap":{"0":{"name":"ofertaAcademicaEnrutador","decl":{"start":{"line":7,"column":9},"end":{"line":7,"column":33}},"loc":{"start":{"line":9,"column":47},"end":{"line":16,"column":1}}},"1":{"name":"construirOfertaAcademicaEnrutador","decl":{"start":{"line":18,"column":22},"end":{"line":18,"column":55}},"loc":{"start":{"line":18,"column":76},"end":{"line":27,"column":1}}}},"branchMap":{},"s":{"0":5,"1":5,"2":5,"3":5,"4":5,"5":5,"6":5,"7":5,"8":5,"9":5,"10":5,"11":5,"12":5},"f":{"0":5,"1":5},"b":{}}
,"/Users/sebashiguita/Documents/JESSoft-ProyectoFinal/JESSoft/src/presentation/rutas/PeriodoAcademicoEnrutador.ts": {"path":"/Users/sebashiguita/Documents/JESSoft-ProyectoFinal/JESSoft/src/presentation/rutas/PeriodoAcademicoEnrutador.ts","statementMap":{"0":{"start":{"line":17,"column":0},"end":{"line":17,"column":7}},"1":{"start":{"line":2,"column":0},"end":{"line":2,"column":91}},"2":{"start":{"line":4,"column":0},"end":{"line":4,"column":98}},"3":{"start":{"line":5,"column":0},"end":{"line":5,"column":118}},"4":{"start":{"line":10,"column":4},"end":{"line":10,"column":61}},"5":{"start":{"line":11,"column":4},"end":{"line":11,"column":71}},"6":{"start":{"line":12,"column":4},"end":{"line":12,"column":59}},"7":{"start":{"line":13,"column":4},"end":{"line":13,"column":69}},"8":{"start":{"line":14,"column":4},"end":{"line":14,"column":70}},"9":{"start":{"line":18,"column":62},"end":{"line":18,"column":95}},"10":{"start":{"line":19,"column":29},"end":{"line":19,"column":77}},"11":{"start":{"line":20,"column":31},"end":{"line":20,"column":80}},"12":{"start":{"line":22,"column":4},"end":{"line":22,"column":55}}},"fnMap":{"0":{"name":"periodoAcademicoEnrutador","decl":{"start":{"line":6,"column":9},"end":{"line":6,"column":34}},"loc":{"start":{"line":8,"column":51},"end":{"line":15,"column":1}}},"1":{"name":"construirPeriodosEnrutador","decl":{"start":{"line":17,"column":22},"end":{"line":17,"column":48}},"loc":{"start":{"line":17,"column":69},"end":{"line":23,"column":1}}}},"branchMap":{},"s":{"0":4,"1":4,"2":4,"3":4,"4":4,"5":4,"6":4,"7":4,"8":4,"9":4,"10":4,"11":4,"12":4},"f":{"0":4,"1":4},"b":{}}
,"/Users/sebashiguita/Documents/JESSoft-ProyectoFinal/JESSoft/src/presentation/rutas/PlanEstudioEnrutador.ts": {"path":"/Users/sebashiguita/Documents/JESSoft-ProyectoFinal/JESSoft/src/presentation/rutas/PlanEstudioEnrutador.ts","statementMap":{"0":{"start":{"line":13,"column":0},"end":{"line":13,"column":7}},"1":{"start":{"line":2,"column":0},"end":{"line":2,"column":81}},"2":{"start":{"line":3,"column":0},"end":{"line":3,"column":100}},"3":{"start":{"line":4,"column":0},"end":{"line":4,"column":90}},"4":{"start":{"line":8,"column":4},"end":{"line":8,"column":62}},"5":{"start":{"line":9,"column":4},"end":{"line":9,"column":62}},"6":{"start":{"line":10,"column":4},"end":{"line":10,"column":70}},"7":{"start":{"line":11,"column":4},"end":{"line":11,"column":71}},"8":{"start":{"line":14,"column":60},"end":{"line":14,"column":88}},"9":{"start":{"line":15,"column":32},"end":{"line":15,"column":79}},"10":{"start":{"line":16,"column":35},"end":{"line":16,"column":82}},"11":{"start":{"line":17,"column":4},"end":{"line":17,"column":54}}},"fnMap":{"0":{"name":"planEstudioEnrutador","decl":{"start":{"line":7,"column":9},"end":{"line":7,"column":29}},"loc":{"start":{"line":7,"column":98},"end":{"line":12,"column":1}}},"1":{"name":"registrarPlanEstudioRutas","decl":{"start":{"line":13,"column":22},"end":{"line":13,"column":47}},"loc":{"start":{"line":13,"column":68},"end":{"line":18,"column":1}}}},"branchMap":{},"s":{"0":4,"1":4,"2":4,"3":4,"4":4,"5":4,"6":4,"7":4,"8":4,"9":4,"10":4,"11":4},"f":{"0":4,"1":4},"b":{}}
,"/Users/sebashiguita/Documents/JESSoft-ProyectoFinal/JESSoft/src/presentation/rutas/ProgramaAcademicoEnrutador.ts": {"path":"/Users/sebashiguita/Documents/JESSoft-ProyectoFinal/JESSoft/src/presentation/rutas/ProgramaAcademicoEnrutador.ts","statementMap":{"0":{"start":{"line":19,"column":0},"end":{"line":19,"column":7}},"1":{"start":{"line":2,"column":0},"end":{"line":2,"column":93}},"2":{"start":{"line":4,"column":0},"end":{"line":4,"column":100}},"3":{"start":{"line":5,"column":0},"end":{"line":5,"column":120}},"4":{"start":{"line":12,"column":2},"end":{"line":12,"column":62}},"5":{"start":{"line":13,"column":2},"end":{"line":13,"column":79}},"6":{"start":{"line":14,"column":2},"end":{"line":14,"column":60}},"7":{"start":{"line":15,"column":2},"end":{"line":15,"column":77}},"8":{"start":{"line":16,"column":2},"end":{"line":16,"column":78}},"9":{"start":{"line":20,"column":62},"end":{"line":20,"column":96}},"10":{"start":{"line":21,"column":28},"end":{"line":21,"column":78}},"11":{"start":{"line":22,"column":30},"end":{"line":22,"column":81}},"12":{"start":{"line":24,"column":2},"end":{"line":24,"column":55}}},"fnMap":{"0":{"name":"programaAcademicoEnrutador","decl":{"start":{"line":8,"column":9},"end":{"line":8,"column":35}},"loc":{"start":{"line":10,"column":51},"end":{"line":17,"column":1}}},"1":{"name":"construirProgramasEnrutador","decl":{"start":{"line":19,"column":22},"end":{"line":19,"column":49}},"loc":{"start":{"line":19,"column":70},"end":{"line":25,"column":1}}}},"branchMap":{},"s":{"0":4,"1":4,"2":4,"3":4,"4":4,"5":4,"6":4,"7":4,"8":4,"9":4,"10":4,"11":4,"12":4},"f":{"0":4,"1":4},"b":{}}
}
