TN:
SF:src\common\configuracion.ts
FNF:0
FNH:0
DA:1,2
DA:3,2
LF:2
LH:2
BRDA:6,0,0,2
BRDA:6,0,1,0
BRDA:10,1,0,0
BRDA:10,1,1,2
BRDA:14,2,0,2
BRDA:14,2,1,2
BRDA:14,2,2,0
BRF:7
BRH:4
end_of_record
TN:
SF:src\common\statusCode.ts
FN:1,(anonymous_0)
FNF:1
FNH:1
FNDA:7,(anonymous_0)
DA:1,7
DA:2,7
DA:3,7
DA:4,7
DA:5,7
DA:6,7
DA:7,7
DA:8,7
DA:9,7
DA:10,7
LF:10
LH:10
BRDA:1,0,0,7
BRDA:1,0,1,7
BRF:2
BRH:2
end_of_record
TN:
SF:src\core\aplicacion\casos-uso\AsignacionDocenteCasoUso.ts
FN:5,(anonymous_0)
FN:7,(anonymous_1)
FN:33,(anonymous_2)
FN:37,(anonymous_3)
FN:43,(anonymous_4)
FN:62,(anonymous_5)
FNF:6
FNH:6
FNDA:17,(anonymous_0)
FNDA:9,(anonymous_1)
FNDA:3,(anonymous_2)
FNDA:3,(anonymous_3)
FNDA:5,(anonymous_4)
FNDA:2,(anonymous_5)
DA:4,5
DA:5,17
DA:8,9
DA:9,9
DA:11,7
DA:12,7
DA:14,5
DA:18,5
DA:20,4
DA:21,4
DA:22,4
DA:23,1
DA:26,3
DA:27,3
DA:29,2
DA:30,2
DA:34,3
DA:38,3
DA:39,3
DA:40,3
DA:45,5
DA:46,1
DA:49,4
DA:50,4
DA:51,2
DA:54,2
DA:59,2
DA:63,2
LF:28
LH:28
BRDA:9,0,0,2
BRDA:9,0,1,7
BRDA:12,1,0,2
BRDA:12,1,1,5
BRDA:18,2,0,1
BRDA:18,2,1,4
BRDA:22,3,0,1
BRDA:22,3,1,3
BRDA:27,4,0,1
BRDA:27,4,1,2
BRDA:45,5,0,1
BRDA:45,5,1,4
BRDA:45,6,0,5
BRDA:45,6,1,1
BRDA:50,7,0,2
BRDA:50,7,1,2
BRDA:59,8,0,2
BRDA:59,8,1,0
BRF:18
BRH:17
end_of_record
TN:
SF:src\core\aplicacion\casos-uso\AsignaturaCasoUso.ts
FN:10,(anonymous_0)
FN:14,(anonymous_1)
FN:18,(anonymous_2)
FN:22,(anonymous_3)
FN:47,(anonymous_4)
FN:50,(anonymous_5)
FNF:6
FNH:6
FNDA:11,(anonymous_0)
FNDA:2,(anonymous_1)
FNDA:1,(anonymous_2)
FNDA:4,(anonymous_3)
FNDA:2,(anonymous_4)
FNDA:2,(anonymous_5)
DA:3,6
DA:7,6
DA:11,11
DA:15,2
DA:19,1
DA:24,4
DA:32,4
DA:35,2
DA:42,2
DA:48,2
DA:51,2
DA:59,2
DA:60,2
DA:67,2
LF:14
LH:14
BRF:0
BRH:0
end_of_record
TN:
SF:src\core\aplicacion\casos-uso\DocenteCasoUso.ts
FN:5,(anonymous_0)
FN:7,(anonymous_1)
FN:11,(anonymous_2)
FN:15,(anonymous_3)
FN:19,(anonymous_4)
FN:23,(anonymous_5)
FNF:6
FNH:6
FNDA:14,(anonymous_0)
FNDA:2,(anonymous_1)
FNDA:3,(anonymous_2)
FNDA:4,(anonymous_3)
FNDA:2,(anonymous_4)
FNDA:2,(anonymous_5)
DA:4,6
DA:5,14
DA:8,2
DA:12,3
DA:16,4
DA:20,2
DA:24,2
LF:7
LH:7
BRF:0
BRH:0
end_of_record
TN:
SF:src\core\aplicacion\casos-uso\OfertaAcademicaCasoUso.ts
FN:5,(anonymous_0)
FN:8,(anonymous_1)
FN:14,(anonymous_2)
FN:19,(anonymous_3)
FN:25,(anonymous_4)
FN:42,(anonymous_5)
FNF:6
FNH:6
FNDA:19,(anonymous_0)
FNDA:4,(anonymous_1)
FNDA:4,(anonymous_2)
FNDA:5,(anonymous_3)
FNDA:5,(anonymous_4)
FNDA:4,(anonymous_5)
DA:4,6
DA:5,19
DA:9,4
DA:10,2
DA:15,4
DA:20,5
DA:21,5
DA:29,5
DA:30,1
DA:33,4
DA:38,4
DA:43,4
LF:12
LH:12
BRDA:29,0,0,1
BRDA:29,0,1,4
BRDA:29,1,0,5
BRDA:29,1,1,3
BRDA:38,2,0,4
BRDA:38,2,1,1
BRF:6
BRH:6
end_of_record
TN:
SF:src\core\aplicacion\casos-uso\PeriodoAcademicoCasoUso.ts
FN:6,(anonymous_0)
FN:8,(anonymous_1)
FN:13,(anonymous_2)
FN:17,(anonymous_3)
FN:23,(anonymous_4)
FN:34,(anonymous_5)
FNF:6
FNH:6
FNDA:11,(anonymous_0)
FNDA:2,(anonymous_1)
FNDA:2,(anonymous_2)
FNDA:2,(anonymous_3)
FNDA:4,(anonymous_4)
FNDA:2,(anonymous_5)
DA:5,5
DA:6,11
DA:9,2
DA:10,2
DA:14,2
DA:18,2
DA:19,2
DA:20,2
DA:24,4
DA:25,1
DA:27,3
DA:31,3
DA:35,2
LF:13
LH:13
BRDA:24,0,0,1
BRDA:24,0,1,3
BRDA:24,1,0,4
BRDA:24,1,1,1
BRDA:31,2,0,3
BRDA:31,2,1,1
BRF:6
BRH:6
end_of_record
TN:
SF:src\core\aplicacion\casos-uso\PlanEstudioCasoUso.ts
FN:8,(anonymous_0)
FN:12,(anonymous_1)
FN:16,(anonymous_2)
FN:20,(anonymous_3)
FN:31,(anonymous_4)
FN:35,(anonymous_5)
FNF:6
FNH:6
FNDA:13,(anonymous_0)
FNDA:2,(anonymous_1)
FNDA:1,(anonymous_2)
FNDA:2,(anonymous_3)
FNDA:2,(anonymous_4)
FNDA:2,(anonymous_5)
DA:3,5
DA:6,5
DA:9,13
DA:13,2
DA:17,1
DA:21,2
DA:27,2
DA:28,2
DA:32,2
DA:36,2
DA:42,2
DA:43,2
LF:12
LH:12
BRF:0
BRH:0
end_of_record
TN:
SF:src\core\aplicacion\casos-uso\ProgramaAcademicoCasoUso.ts
FN:5,(anonymous_0)
FN:7,(anonymous_1)
FN:12,(anonymous_2)
FN:16,(anonymous_3)
FN:22,(anonymous_4)
FN:42,(anonymous_5)
FNF:6
FNH:6
FNDA:14,(anonymous_0)
FNDA:2,(anonymous_1)
FNDA:3,(anonymous_2)
FNDA:4,(anonymous_3)
FNDA:6,(anonymous_4)
FNDA:3,(anonymous_5)
DA:4,5
DA:5,14
DA:8,2
DA:9,2
DA:13,3
DA:17,4
DA:18,4
DA:19,4
DA:24,6
DA:25,2
DA:27,4
DA:29,4
DA:30,2
DA:33,2
DA:38,2
DA:43,3
LF:16
LH:16
BRDA:24,0,0,2
BRDA:24,0,1,4
BRDA:24,1,0,6
BRDA:24,1,1,2
BRDA:29,2,0,2
BRDA:29,2,1,2
BRF:6
BRH:6
end_of_record
TN:
SF:src\core\dominio\entidades\Asignatura.ts
FN:11,(anonymous_0)
FNF:1
FNH:1
FNDA:6,(anonymous_0)
DA:3,6
DA:19,6
DA:20,6
DA:21,6
DA:22,6
DA:23,6
DA:24,6
LF:7
LH:7
BRF:0
BRH:0
end_of_record
TN:
SF:src\core\dominio\entidades\PlanEstudio.ts
FN:9,(anonymous_0)
FNF:1
FNH:1
FNDA:7,(anonymous_0)
DA:3,5
DA:10,7
DA:11,7
DA:12,7
DA:13,7
LF:5
LH:5
BRF:0
BRH:0
end_of_record
TN:
SF:src\core\infraestructura\postgres\AsignacionDocenteRepositorioPostgres.ts
FN:6,(anonymous_0)
FN:7,(anonymous_1)
FN:9,(anonymous_2)
FN:21,(anonymous_3)
FN:45,(anonymous_4)
FN:58,(anonymous_5)
FN:59,(anonymous_6)
FN:61,(anonymous_7)
FN:75,(anonymous_8)
FN:81,(anonymous_9)
FN:87,(anonymous_10)
FN:93,(anonymous_11)
FN:102,(anonymous_12)
FN:108,(anonymous_13)
FNF:14
FNH:0
FNDA:0,(anonymous_0)
FNDA:0,(anonymous_1)
FNDA:0,(anonymous_2)
FNDA:0,(anonymous_3)
FNDA:0,(anonymous_4)
FNDA:0,(anonymous_5)
FNDA:0,(anonymous_6)
FNDA:0,(anonymous_7)
FNDA:0,(anonymous_8)
FNDA:0,(anonymous_9)
FNDA:0,(anonymous_10)
FNDA:0,(anonymous_11)
FNDA:0,(anonymous_12)
FNDA:0,(anonymous_13)
DA:2,3
DA:5,3
DA:7,0
DA:8,0
DA:9,0
DA:11,0
DA:17,0
DA:18,0
DA:23,0
DA:33,0
DA:35,0
DA:36,0
DA:37,0
DA:40,0
DA:41,0
DA:46,0
DA:54,0
DA:55,0
DA:59,0
DA:60,0
DA:61,0
DA:62,0
DA:64,0
DA:71,0
DA:72,0
DA:76,0
DA:82,0
DA:83,0
DA:84,0
DA:88,0
DA:89,0
DA:90,0
DA:94,0
DA:98,0
DA:99,0
DA:103,0
DA:104,0
DA:105,0
DA:109,0
DA:110,0
DA:111,0
LF:41
LH:2
BRDA:35,0,0,0
BRDA:35,0,1,0
BRDA:55,1,0,0
BRDA:55,1,1,0
BRDA:84,2,0,0
BRDA:84,2,1,0
BRDA:90,3,0,0
BRDA:90,3,1,0
BRDA:99,4,0,0
BRDA:99,4,1,0
BRDA:105,5,0,0
BRDA:105,5,1,0
BRDA:111,6,0,0
BRDA:111,6,1,0
BRF:14
BRH:0
end_of_record
TN:
SF:src\core\infraestructura\postgres\AsignaturaRepositorio.ts
FN:6,(anonymous_0)
FN:9,(anonymous_1)
FN:21,(anonymous_2)
FN:39,(anonymous_3)
FN:60,(anonymous_4)
FN:72,(anonymous_5)
FNF:6
FNH:0
FNDA:0,(anonymous_0)
FNDA:0,(anonymous_1)
FNDA:0,(anonymous_2)
FNDA:0,(anonymous_3)
FNDA:0,(anonymous_4)
FNDA:0,(anonymous_5)
DA:1,4
DA:3,4
DA:5,4
DA:7,0
DA:8,0
DA:10,0
DA:22,0
DA:26,0
DA:27,0
DA:29,0
DA:40,0
DA:41,0
DA:44,0
DA:45,0
DA:47,0
DA:51,0
DA:61,0
DA:62,0
DA:65,0
DA:66,0
DA:68,0
DA:69,0
DA:73,0
DA:74,0
DA:77,0
DA:78,0
DA:80,0
DA:91,0
DA:101,0
DA:102,0
LF:30
LH:3
BRDA:27,0,0,0
BRDA:27,0,1,0
BRDA:44,1,0,0
BRDA:44,1,1,0
BRDA:65,2,0,0
BRDA:65,2,1,0
BRDA:77,3,0,0
BRDA:77,3,1,0
BRF:8
BRH:0
end_of_record
TN:
SF:src\core\infraestructura\postgres\ConexionPostgres.ts
FN:7,(anonymous_0)
FN:8,(anonymous_1)
FN:10,ejecutarConsulta
FNF:3
FNH:0
FNDA:0,(anonymous_0)
FNDA:0,(anonymous_1)
FNDA:0,ejecutarConsulta
DA:1,2
DA:2,2
DA:3,2
DA:5,2
DA:6,0
DA:7,0
DA:8,0
DA:10,2
DA:14,0
LF:9
LH:5
BRDA:5,0,0,0
BRDA:5,0,1,2
BRF:2
BRH:1
end_of_record
TN:
SF:src\core\infraestructura\postgres\DocenteRepositorioPostgres.ts
FN:6,(anonymous_0)
FN:7,(anonymous_1)
FN:9,(anonymous_2)
FN:31,(anonymous_3)
FN:44,(anonymous_4)
FN:50,(anonymous_5)
FN:51,(anonymous_6)
FN:53,(anonymous_7)
FN:67,(anonymous_8)
FNF:9
FNH:0
FNDA:0,(anonymous_0)
FNDA:0,(anonymous_1)
FNDA:0,(anonymous_2)
FNDA:0,(anonymous_3)
FNDA:0,(anonymous_4)
FNDA:0,(anonymous_5)
FNDA:0,(anonymous_6)
FNDA:0,(anonymous_7)
FNDA:0,(anonymous_8)
DA:2,4
DA:5,4
DA:7,0
DA:8,0
DA:9,0
DA:11,0
DA:17,0
DA:18,0
DA:19,0
DA:22,0
DA:23,0
DA:26,0
DA:32,0
DA:33,0
DA:35,0
DA:36,0
DA:37,0
DA:40,0
DA:41,0
DA:45,0
DA:46,0
DA:47,0
DA:51,0
DA:52,0
DA:53,0
DA:54,0
DA:56,0
DA:63,0
DA:64,0
DA:68,0
DA:72,0
DA:73,0
LF:32
LH:2
BRDA:22,0,0,0
BRDA:22,0,1,0
BRDA:35,1,0,0
BRDA:35,1,1,0
BRDA:47,2,0,0
BRDA:47,2,1,0
BRDA:64,3,0,0
BRDA:64,3,1,0
BRDA:72,4,0,0
BRDA:72,4,1,0
BRF:10
BRH:0
end_of_record
TN:
SF:src\core\infraestructura\postgres\OfertaAcademicaRepositorioPostgres.ts
FN:8,(anonymous_0)
FN:9,(anonymous_1)
FN:11,(anonymous_2)
FN:24,(anonymous_3)
FN:54,(anonymous_4)
FN:79,(anonymous_5)
FN:80,(anonymous_6)
FN:82,(anonymous_7)
FN:98,(anonymous_8)
FNF:9
FNH:0
FNDA:0,(anonymous_0)
FNDA:0,(anonymous_1)
FNDA:0,(anonymous_2)
FNDA:0,(anonymous_3)
FNDA:0,(anonymous_4)
FNDA:0,(anonymous_5)
FNDA:0,(anonymous_6)
FNDA:0,(anonymous_7)
FNDA:0,(anonymous_8)
DA:1,4
DA:5,4
DA:9,0
DA:10,0
DA:11,0
DA:13,0
DA:19,0
DA:20,0
DA:25,0
DA:41,0
DA:43,0
DA:44,0
DA:45,0
DA:48,0
DA:49,0
DA:55,0
DA:73,0
DA:74,0
DA:80,0
DA:81,0
DA:82,0
DA:84,0
DA:86,0
DA:93,0
DA:94,0
DA:99,0
DA:104,0
DA:106,0
DA:107,0
LF:29
LH:2
BRDA:43,0,0,0
BRDA:43,0,1,0
BRDA:74,1,0,0
BRDA:74,1,1,0
BRDA:94,2,0,0
BRDA:94,2,1,0
BRDA:106,3,0,0
BRDA:106,3,1,0
BRF:8
BRH:0
end_of_record
TN:
SF:src\core\infraestructura\postgres\PeriodoAcademicoRepositorioPostgres.ts
FN:6,(anonymous_0)
FN:7,(anonymous_1)
FN:9,(anonymous_2)
FN:39,(anonymous_3)
FN:52,(anonymous_4)
FN:58,(anonymous_5)
FN:59,(anonymous_6)
FN:61,(anonymous_7)
FN:75,(anonymous_8)
FNF:9
FNH:0
FNDA:0,(anonymous_0)
FNDA:0,(anonymous_1)
FNDA:0,(anonymous_2)
FNDA:0,(anonymous_3)
FNDA:0,(anonymous_4)
FNDA:0,(anonymous_5)
FNDA:0,(anonymous_6)
FNDA:0,(anonymous_7)
FNDA:0,(anonymous_8)
DA:2,3
DA:5,3
DA:7,0
DA:8,0
DA:9,0
DA:11,0
DA:16,0
DA:17,0
DA:20,0
DA:25,0
DA:26,0
DA:29,0
DA:35,0
DA:36,0
DA:40,0
DA:41,0
DA:43,0
DA:44,0
DA:45,0
DA:48,0
DA:49,0
DA:53,0
DA:54,0
DA:55,0
DA:59,0
DA:60,0
DA:61,0
DA:62,0
DA:64,0
DA:71,0
DA:72,0
DA:76,0
LF:32
LH:2
BRDA:16,0,0,0
BRDA:16,0,1,0
BRDA:25,1,0,0
BRDA:25,1,1,0
BRDA:43,2,0,0
BRDA:43,2,1,0
BRDA:55,3,0,0
BRDA:55,3,1,0
BRF:8
BRH:0
end_of_record
TN:
SF:src\core\infraestructura\postgres\PlanEstudioRepositorio.ts
FN:7,(anonymous_0)
FN:45,(anonymous_1)
FN:48,(anonymous_2)
FN:58,(anonymous_3)
FN:74,(anonymous_4)
FN:86,(anonymous_5)
FNF:6
FNH:0
FNDA:0,(anonymous_0)
FNDA:0,(anonymous_1)
FNDA:0,(anonymous_2)
FNDA:0,(anonymous_3)
FNDA:0,(anonymous_4)
FNDA:0,(anonymous_5)
DA:1,3
DA:3,3
DA:5,3
DA:8,0
DA:9,0
DA:10,0
DA:11,0
DA:16,0
DA:17,0
DA:20,0
DA:24,0
DA:25,0
DA:27,0
DA:30,0
DA:31,0
DA:33,0
DA:37,0
DA:42,0
DA:46,0
DA:47,0
DA:49,0
DA:59,0
DA:63,0
DA:64,0
DA:66,0
DA:76,0
DA:77,0
DA:78,0
DA:79,0
DA:81,0
DA:87,0
DA:88,0
DA:89,0
DA:94,0
DA:95,0
DA:98,0
DA:103,0
DA:104,0
DA:106,0
DA:111,0
LF:40
LH:3
BRDA:16,0,0,0
BRDA:16,0,1,0
BRDA:24,1,0,0
BRDA:24,1,1,0
BRDA:30,2,0,0
BRDA:30,2,1,0
BRDA:64,3,0,0
BRDA:64,3,1,0
BRDA:78,4,0,0
BRDA:78,4,1,0
BRDA:94,5,0,0
BRDA:94,5,1,0
BRDA:103,6,0,0
BRDA:103,6,1,0
BRF:14
BRH:0
end_of_record
TN:
SF:src\core\infraestructura\postgres\ProgramaAcademicoRepositorioPostgres.ts
FN:6,(anonymous_0)
FN:7,(anonymous_1)
FN:9,(anonymous_2)
FN:21,(anonymous_3)
FN:34,(anonymous_4)
FN:40,(anonymous_5)
FN:41,(anonymous_6)
FN:43,(anonymous_7)
FN:57,(anonymous_8)
FNF:9
FNH:0
FNDA:0,(anonymous_0)
FNDA:0,(anonymous_1)
FNDA:0,(anonymous_2)
FNDA:0,(anonymous_3)
FNDA:0,(anonymous_4)
FNDA:0,(anonymous_5)
FNDA:0,(anonymous_6)
FNDA:0,(anonymous_7)
FNDA:0,(anonymous_8)
DA:2,3
DA:5,3
DA:7,0
DA:8,0
DA:9,0
DA:11,0
DA:17,0
DA:18,0
DA:22,0
DA:23,0
DA:25,0
DA:26,0
DA:27,0
DA:30,0
DA:31,0
DA:35,0
DA:36,0
DA:37,0
DA:41,0
DA:42,0
DA:43,0
DA:44,0
DA:46,0
DA:53,0
DA:54,0
DA:58,0
LF:26
LH:2
BRDA:25,0,0,0
BRDA:25,0,1,0
BRDA:37,1,0,0
BRDA:37,1,1,0
BRF:4
BRH:0
end_of_record
TN:
SF:src\presentation\app.ts
FN:14,(anonymous_1)
FN:27,(anonymous_2)
FNF:2
FNH:1
FNDA:4,(anonymous_1)
FNDA:0,(anonymous_2)
DA:1,4
DA:3,4
DA:4,4
DA:5,4
DA:6,4
DA:7,4
DA:8,4
DA:9,4
DA:11,4
DA:13,4
DA:15,4
DA:16,4
DA:17,4
DA:18,4
DA:19,4
DA:20,4
DA:21,4
DA:27,4
DA:28,0
DA:30,0
DA:31,0
DA:32,0
DA:34,0
DA:36,0
DA:43,0
LF:25
LH:18
BRDA:30,0,0,0
BRDA:30,0,1,0
BRF:2
BRH:0
end_of_record
TN:
SF:src\presentation\controladores\AsignacionDocenteControlador.ts
FN:9,(anonymous_0)
FN:11,(anonymous_1)
FN:32,(anonymous_2)
FN:58,(anonymous_3)
FN:109,(anonymous_4)
FN:146,(anonymous_5)
FNF:6
FNH:6
FNDA:4,(anonymous_0)
FNDA:1,(anonymous_1)
FNDA:2,(anonymous_2)
FNDA:3,(anonymous_3)
FNDA:2,(anonymous_4)
FNDA:1,(anonymous_5)
DA:4,4
DA:5,4
DA:6,4
DA:8,4
DA:9,4
DA:11,4
DA:15,1
DA:16,1
DA:17,1
DA:19,1
DA:25,0
DA:32,4
DA:36,2
DA:37,2
DA:38,2
DA:40,2
DA:41,1
DA:46,1
DA:51,0
DA:58,4
DA:62,3
DA:63,3
DA:66,3
DA:68,1
DA:75,2
DA:76,0
DA:83,2
DA:84,2
DA:87,2
DA:88,2
DA:92,0
DA:97,0
DA:101,0
DA:109,4
DA:113,2
DA:114,2
DA:115,2
DA:117,2
DA:118,0
DA:123,2
DA:128,2
DA:129,1
DA:134,1
DA:139,0
DA:146,4
DA:150,1
DA:151,1
DA:152,1
DA:154,1
DA:159,0
LF:50
LH:41
BRDA:27,0,0,0
BRDA:27,0,1,0
BRDA:40,1,0,1
BRDA:40,1,1,1
BRDA:53,2,0,0
BRDA:53,2,1,0
BRDA:75,3,0,0
BRDA:75,3,1,2
BRDA:78,4,0,0
BRDA:78,4,1,0
BRDA:83,5,0,2
BRDA:83,5,1,0
BRDA:87,6,0,2
BRDA:87,6,1,0
BRDA:92,7,0,0
BRDA:92,7,1,0
BRDA:93,8,0,0
BRDA:93,8,1,0
BRDA:93,8,2,0
BRDA:103,9,0,0
BRDA:103,9,1,0
BRDA:117,10,0,0
BRDA:117,10,1,2
BRDA:117,11,0,2
BRDA:117,11,1,0
BRDA:128,12,0,1
BRDA:128,12,1,1
BRDA:141,13,0,0
BRDA:141,13,1,0
BRDA:161,14,0,0
BRDA:161,14,1,0
BRF:31
BRH:9
end_of_record
TN:
SF:src\presentation\controladores\AsignaturaControlador.ts
FN:8,(anonymous_0)
FN:10,(anonymous_1)
FN:29,(anonymous_2)
FN:45,(anonymous_3)
FN:70,(anonymous_4)
FNF:5
FNH:5
FNDA:10,(anonymous_0)
FNDA:3,(anonymous_1)
FNDA:1,(anonymous_2)
FNDA:1,(anonymous_3)
FNDA:1,(anonymous_4)
DA:3,5
DA:4,5
DA:5,5
DA:7,5
DA:8,10
DA:11,3
DA:12,3
DA:13,2
DA:14,1
DA:16,2
DA:17,1
DA:21,1
DA:22,1
DA:24,0
DA:25,0
DA:30,1
DA:31,1
DA:32,1
DA:34,0
DA:35,0
DA:40,0
DA:41,0
DA:46,1
DA:47,1
DA:48,1
DA:49,1
DA:51,1
DA:52,0
DA:54,1
DA:56,0
DA:57,0
DA:61,0
DA:62,0
DA:65,0
DA:66,0
DA:71,1
DA:72,1
DA:73,1
DA:74,1
DA:79,0
DA:80,0
DA:84,0
DA:85,0
DA:87,0
DA:88,0
LF:45
LH:26
BRDA:16,0,0,1
BRDA:16,0,1,1
BRDA:19,1,0,1
BRDA:19,1,1,0
BRDA:21,2,0,1
BRDA:21,2,1,0
BRDA:21,3,0,1
BRDA:21,3,1,1
BRDA:34,4,0,0
BRDA:34,4,1,0
BRDA:37,5,0,0
BRDA:37,5,1,0
BRDA:51,6,0,0
BRDA:51,6,1,1
BRDA:56,7,0,0
BRDA:56,7,1,0
BRDA:59,8,0,0
BRDA:59,8,1,0
BRDA:61,9,0,0
BRDA:61,9,1,0
BRDA:61,10,0,0
BRDA:61,10,1,0
BRDA:79,11,0,0
BRDA:79,11,1,0
BRDA:82,12,0,0
BRDA:82,12,1,0
BRDA:84,13,0,0
BRDA:84,13,1,0
BRDA:84,14,0,0
BRDA:84,14,1,0
BRF:30
BRH:7
end_of_record
TN:
SF:src\presentation\controladores\DocenteControlador.ts
FN:9,(anonymous_0)
FN:12,(anonymous_1)
FN:34,(anonymous_2)
FN:61,(anonymous_3)
FN:135,(anonymous_4)
FN:213,(anonymous_5)
FNF:6
FNH:4
FNDA:5,(anonymous_0)
FNDA:2,(anonymous_1)
FNDA:2,(anonymous_2)
FNDA:1,(anonymous_3)
FNDA:0,(anonymous_4)
FNDA:0,(anonymous_5)
DA:4,5
DA:5,5
DA:6,5
DA:8,5
DA:9,5
DA:12,5
DA:16,2
DA:17,2
DA:18,2
DA:20,1
DA:26,1
DA:34,5
DA:38,2
DA:39,2
DA:40,2
DA:42,1
DA:43,1
DA:48,0
DA:53,1
DA:61,5
DA:65,1
DA:67,1
DA:68,1
DA:74,0
DA:78,0
DA:80,0
DA:88,0
DA:91,0
DA:93,0
DA:94,0
DA:100,0
DA:101,0
DA:102,0
DA:108,0
DA:115,0
DA:117,0
DA:122,0
DA:123,0
DA:128,0
DA:135,5
DA:139,0
DA:140,0
DA:141,0
DA:142,0
DA:148,0
DA:151,0
DA:153,0
DA:154,0
DA:160,0
DA:161,0
DA:167,0
DA:172,0
DA:180,0
DA:181,0
DA:183,0
DA:184,0
DA:189,0
DA:191,0
DA:200,0
DA:206,0
DA:213,5
DA:217,0
DA:218,0
DA:219,0
DA:221,0
DA:226,0
DA:227,0
DA:231,0
LF:68
LH:24
BRDA:28,0,0,1
BRDA:28,0,1,0
BRDA:42,1,0,1
BRDA:42,1,1,0
BRDA:55,2,0,1
BRDA:55,2,1,0
BRDA:67,3,0,1
BRDA:67,3,1,0
BRDA:88,4,0,0
BRDA:88,4,1,0
BRDA:91,5,0,0
BRDA:91,5,1,0
BRDA:93,6,0,0
BRDA:93,6,1,0
BRDA:100,7,0,0
BRDA:100,7,1,0
BRDA:101,8,0,0
BRDA:101,8,1,0
BRDA:115,9,0,0
BRDA:115,9,1,0
BRDA:118,10,0,0
BRDA:118,10,1,0
BRDA:118,10,2,0
BRDA:122,11,0,0
BRDA:122,11,1,0
BRDA:122,12,0,0
BRDA:122,12,1,0
BRDA:141,13,0,0
BRDA:141,13,1,0
BRDA:153,14,0,0
BRDA:153,14,1,0
BRDA:160,15,0,0
BRDA:160,15,1,0
BRDA:180,16,0,0
BRDA:180,16,1,0
BRDA:181,17,0,0
BRDA:181,17,1,0
BRDA:183,18,0,0
BRDA:183,18,1,0
BRDA:189,19,0,0
BRDA:189,19,1,0
BRDA:201,20,0,0
BRDA:201,20,1,0
BRDA:201,20,2,0
BRDA:226,21,0,0
BRDA:226,21,1,0
BRDA:226,22,0,0
BRDA:226,22,1,0
BRF:48
BRH:4
end_of_record
TN:
SF:src\presentation\controladores\OfertaAcademicaControlador.ts
FN:9,(anonymous_0)
FN:12,(anonymous_1)
FN:34,(anonymous_2)
FN:59,(anonymous_3)
FN:112,(anonymous_4)
FN:197,(anonymous_5)
FNF:6
FNH:6
FNDA:5,(anonymous_0)
FNDA:2,(anonymous_1)
FNDA:2,(anonymous_2)
FNDA:2,(anonymous_3)
FNDA:2,(anonymous_4)
FNDA:1,(anonymous_5)
DA:4,5
DA:5,5
DA:6,5
DA:8,5
DA:9,5
DA:12,5
DA:16,2
DA:17,2
DA:18,2
DA:20,1
DA:26,1
DA:34,5
DA:38,2
DA:39,2
DA:40,2
DA:42,2
DA:43,1
DA:46,1
DA:51,0
DA:59,5
DA:63,2
DA:64,2
DA:66,1
DA:68,1
DA:75,1
DA:77,1
DA:78,1
DA:80,1
DA:82,1
DA:83,1
DA:84,1
DA:86,0
DA:90,1
DA:93,0
DA:94,0
DA:99,0
DA:100,0
DA:105,0
DA:112,5
DA:116,2
DA:117,2
DA:119,2
DA:120,1
DA:125,1
DA:127,1
DA:130,1
DA:132,1
DA:133,0
DA:139,1
DA:140,0
DA:145,1
DA:146,0
DA:151,1
DA:152,0
DA:158,1
DA:163,1
DA:169,0
DA:170,0
DA:172,0
DA:173,0
DA:177,0
DA:178,0
DA:185,0
DA:190,0
DA:197,5
DA:201,1
DA:202,1
DA:204,1
DA:206,1
DA:213,0
DA:214,0
DA:219,0
LF:72
LH:50
BRDA:28,0,0,1
BRDA:28,0,1,0
BRDA:42,1,0,1
BRDA:42,1,1,1
BRDA:53,2,0,0
BRDA:53,2,1,0
BRDA:75,3,0,1
BRDA:75,3,1,0
BRDA:78,4,0,1
BRDA:78,4,1,0
BRDA:82,5,0,1
BRDA:82,5,1,0
BRDA:83,6,0,1
BRDA:83,6,1,0
BRDA:93,7,0,0
BRDA:93,7,1,0
BRDA:99,8,0,0
BRDA:99,8,1,0
BRDA:119,9,0,1
BRDA:119,9,1,1
BRDA:119,10,0,2
BRDA:119,10,1,2
BRDA:132,11,0,0
BRDA:132,11,1,1
BRDA:139,12,0,0
BRDA:139,12,1,1
BRDA:145,13,0,0
BRDA:145,13,1,1
BRDA:151,14,0,0
BRDA:151,14,1,1
BRDA:169,15,0,0
BRDA:169,15,1,0
BRDA:170,16,0,0
BRDA:170,16,1,0
BRDA:172,17,0,0
BRDA:172,17,1,0
BRDA:177,18,0,0
BRDA:177,18,1,0
BRDA:186,19,0,0
BRDA:186,19,1,0
BRDA:186,19,2,0
BRDA:213,20,0,0
BRDA:213,20,1,0
BRDA:213,21,0,0
BRDA:213,21,1,0
BRF:45
BRH:15
end_of_record
TN:
SF:src\presentation\controladores\PeriodoAcademicoControlador.ts
FN:9,(anonymous_0)
FN:13,(anonymous_1)
FN:34,(anonymous_2)
FN:60,(anonymous_3)
FN:96,(anonymous_4)
FN:132,(anonymous_5)
FNF:6
FNH:6
FNDA:4,(anonymous_0)
FNDA:1,(anonymous_1)
FNDA:1,(anonymous_2)
FNDA:1,(anonymous_3)
FNDA:1,(anonymous_4)
FNDA:1,(anonymous_5)
DA:4,4
DA:5,4
DA:6,4
DA:8,4
DA:9,4
DA:13,4
DA:17,1
DA:18,1
DA:19,1
DA:21,1
DA:27,0
DA:34,4
DA:38,1
DA:39,1
DA:40,1
DA:42,1
DA:43,0
DA:48,1
DA:53,0
DA:60,4
DA:64,1
DA:65,1
DA:66,1
DA:68,1
DA:73,0
DA:74,0
DA:78,0
DA:79,0
DA:83,0
DA:84,0
DA:89,0
DA:96,4
DA:100,1
DA:101,1
DA:102,1
DA:103,1
DA:108,1
DA:109,0
DA:114,1
DA:115,0
DA:120,1
DA:125,0
DA:132,4
DA:136,1
DA:137,1
DA:138,1
DA:140,1
DA:145,0
LF:48
LH:34
BRDA:29,0,0,0
BRDA:29,0,1,0
BRDA:42,1,0,0
BRDA:42,1,1,1
BRDA:55,2,0,0
BRDA:55,2,1,0
BRDA:73,3,0,0
BRDA:73,3,1,0
BRDA:76,4,0,0
BRDA:76,4,1,0
BRDA:78,5,0,0
BRDA:78,5,1,0
BRDA:78,6,0,0
BRDA:78,6,1,0
BRDA:83,7,0,0
BRDA:83,7,1,0
BRDA:83,8,0,0
BRDA:83,8,1,0
BRDA:91,9,0,0
BRDA:91,9,1,0
BRDA:108,10,0,0
BRDA:108,10,1,1
BRDA:114,11,0,0
BRDA:114,11,1,1
BRDA:114,12,0,1
BRDA:114,12,1,0
BRDA:127,13,0,0
BRDA:127,13,1,0
BRDA:147,14,0,0
BRDA:147,14,1,0
BRF:30
BRH:4
end_of_record
TN:
SF:src\presentation\controladores\PlanEstudioControlador.ts
FN:13,(anonymous_0)
FN:15,(anonymous_1)
FN:44,(anonymous_2)
FN:56,(anonymous_3)
FN:87,(anonymous_4)
FNF:5
FNH:5
FNDA:4,(anonymous_0)
FNDA:1,(anonymous_1)
FNDA:1,(anonymous_2)
FNDA:1,(anonymous_3)
FNDA:1,(anonymous_4)
DA:2,4
DA:3,4
DA:4,4
DA:5,4
DA:6,4
DA:8,4
DA:9,4
DA:11,4
DA:13,4
DA:16,1
DA:17,1
DA:18,1
DA:19,1
DA:24,0
DA:25,0
DA:26,0
DA:27,0
DA:28,0
DA:29,0
DA:30,0
DA:31,0
DA:32,0
DA:33,0
DA:38,0
DA:39,0
DA:45,1
DA:46,1
DA:47,1
DA:50,0
DA:51,0
DA:57,1
DA:58,1
DA:59,1
DA:60,1
DA:61,1
DA:62,1
DA:67,0
DA:68,0
DA:69,0
DA:70,0
DA:71,0
DA:72,0
DA:73,0
DA:74,0
DA:75,0
DA:76,0
DA:81,0
DA:82,0
DA:88,1
DA:89,1
DA:90,1
DA:91,1
DA:96,0
DA:97,0
DA:99,0
DA:100,0
LF:56
LH:26
BRDA:24,0,0,0
BRDA:24,0,1,0
BRDA:24,1,0,0
BRDA:24,1,1,0
BRDA:24,1,2,0
BRDA:26,2,0,0
BRDA:26,2,1,0
BRDA:26,3,0,0
BRDA:26,3,1,0
BRDA:28,4,0,0
BRDA:28,4,1,0
BRDA:28,5,0,0
BRDA:28,5,1,0
BRDA:30,6,0,0
BRDA:30,6,1,0
BRDA:30,7,0,0
BRDA:30,7,1,0
BRDA:32,8,0,0
BRDA:32,8,1,0
BRDA:35,9,0,0
BRDA:35,9,1,0
BRDA:67,10,0,0
BRDA:67,10,1,0
BRDA:67,11,0,0
BRDA:67,11,1,0
BRDA:67,11,2,0
BRDA:69,12,0,0
BRDA:69,12,1,0
BRDA:69,13,0,0
BRDA:69,13,1,0
BRDA:71,14,0,0
BRDA:71,14,1,0
BRDA:71,15,0,0
BRDA:71,15,1,0
BRDA:73,16,0,0
BRDA:73,16,1,0
BRDA:73,17,0,0
BRDA:73,17,1,0
BRDA:75,18,0,0
BRDA:75,18,1,0
BRDA:78,19,0,0
BRDA:78,19,1,0
BRDA:96,20,0,0
BRDA:96,20,1,0
BRDA:96,21,0,0
BRDA:96,21,1,0
BRF:46
BRH:0
end_of_record
TN:
SF:src\presentation\controladores\ProgramaAcademicoControlador.ts
FN:9,(anonymous_0)
FN:11,(anonymous_1)
FN:32,(anonymous_2)
FN:58,(anonymous_3)
FN:84,(anonymous_4)
FN:119,(anonymous_5)
FNF:6
FNH:6
FNDA:4,(anonymous_0)
FNDA:1,(anonymous_1)
FNDA:2,(anonymous_2)
FNDA:1,(anonymous_3)
FNDA:3,(anonymous_4)
FNDA:1,(anonymous_5)
DA:4,4
DA:5,4
DA:6,4
DA:8,4
DA:9,4
DA:11,4
DA:15,1
DA:16,1
DA:17,1
DA:19,1
DA:25,0
DA:32,4
DA:36,2
DA:37,2
DA:38,2
DA:40,2
DA:41,1
DA:46,1
DA:51,0
DA:58,4
DA:62,1
DA:63,1
DA:64,1
DA:66,1
DA:71,0
DA:72,0
DA:77,0
DA:84,4
DA:88,3
DA:89,3
DA:90,3
DA:93,3
DA:95,2
DA:96,1
DA:101,1
DA:108,1
DA:109,1
DA:112,0
DA:119,4
DA:123,1
DA:124,1
DA:125,1
DA:127,1
DA:132,0
LF:44
LH:37
BRDA:27,0,0,0
BRDA:27,0,1,0
BRDA:40,1,0,1
BRDA:40,1,1,1
BRDA:53,2,0,0
BRDA:53,2,1,0
BRDA:71,3,0,0
BRDA:71,3,1,0
BRDA:74,4,0,0
BRDA:74,4,1,0
BRDA:79,5,0,0
BRDA:79,5,1,0
BRDA:95,6,0,1
BRDA:95,6,1,1
BRDA:108,7,0,1
BRDA:108,7,1,0
BRDA:108,8,0,1
BRDA:108,8,1,1
BRDA:114,9,0,0
BRDA:114,9,1,0
BRDA:134,10,0,0
BRDA:134,10,1,0
BRF:22
BRH:7
end_of_record
TN:
SF:src\presentation\esquemas\AsignacionDocenteEsquema.ts
FN:3,(anonymous_0)
FNF:1
FNH:1
FNDA:6,(anonymous_0)
DA:1,4
DA:3,4
DA:4,6
DA:8,4
LF:4
LH:4
BRF:0
BRH:0
end_of_record
TN:
SF:src\presentation\esquemas\AsignaturaEsquema.ts
FN:3,(anonymous_0)
FN:7,(anonymous_1)
FN:38,(anonymous_2)
FNF:3
FNH:3
FNDA:7,(anonymous_0)
FNDA:7,(anonymous_1)
FNDA:4,(anonymous_2)
DA:1,5
DA:3,5
DA:4,7
DA:7,7
DA:9,5
DA:38,4
LF:6
LH:6
BRF:0
BRH:0
end_of_record
TN:
SF:src\presentation\esquemas\DocenteEsquema.ts
FN:3,(anonymous_0)
FN:7,(anonymous_1)
FNF:2
FNH:0
FNDA:0,(anonymous_0)
FNDA:0,(anonymous_1)
DA:1,5
DA:3,5
DA:4,0
DA:7,0
DA:9,5
LF:5
LH:3
BRF:0
BRH:0
end_of_record
TN:
SF:src\presentation\esquemas\OfertaAcademicaEsquema.ts
FN:3,(anonymous_0)
FN:7,(anonymous_1)
FN:14,(anonymous_2)
FN:20,(anonymous_3)
FNF:4
FNH:4
FNDA:2,(anonymous_0)
FNDA:2,(anonymous_1)
FNDA:2,(anonymous_2)
FNDA:2,(anonymous_3)
DA:1,5
DA:3,5
DA:4,2
DA:7,2
DA:9,5
DA:14,2
DA:20,2
LF:7
LH:7
BRF:0
BRH:0
end_of_record
TN:
SF:src\presentation\esquemas\PeriodoAcademicoEsquema.ts
FN:3,(anonymous_0)
FN:7,(anonymous_1)
FN:9,(anonymous_2)
FNF:3
FNH:3
FNDA:1,(anonymous_0)
FNDA:1,(anonymous_1)
FNDA:1,(anonymous_2)
DA:1,4
DA:3,4
DA:4,1
DA:7,1
DA:9,4
DA:10,1
DA:14,4
LF:7
LH:7
BRF:0
BRH:0
end_of_record
TN:
SF:src\presentation\esquemas\PlanDeEstudioEsquema.ts
FNF:0
FNH:0
DA:1,4
DA:3,4
LF:2
LH:2
BRF:0
BRH:0
end_of_record
TN:
SF:src\presentation\esquemas\ProgramaAcademicoEsquema.ts
FN:3,(anonymous_0)
FN:7,(anonymous_1)
FN:40,(anonymous_2)
FNF:3
FNH:3
FNDA:4,(anonymous_0)
FNDA:4,(anonymous_1)
FNDA:1,(anonymous_2)
DA:1,4
DA:3,4
DA:4,4
DA:7,4
DA:9,4
DA:40,1
LF:6
LH:6
BRF:0
BRH:0
end_of_record
TN:
SF:src\presentation\rutas\AsignacionDocenteEnrutador.ts
FN:7,asignacionDocenteEnrutador
FN:18,construirAsignacionesEnrutador
FNF:2
FNH:2
FNDA:4,asignacionDocenteEnrutador
FNDA:4,construirAsignacionesEnrutador
DA:2,4
DA:4,4
DA:5,4
DA:11,4
DA:12,4
DA:13,4
DA:14,4
DA:15,4
DA:18,4
DA:19,4
DA:20,4
DA:21,4
DA:23,4
LF:13
LH:13
BRF:0
BRH:0
end_of_record
TN:
SF:src\presentation\rutas\AsignaturaEnrutador.ts
FN:7,asignaturaEnrutador
FN:14,registrarAsignaturaRutas
FNF:2
FNH:2
FNDA:4,asignaturaEnrutador
FNDA:4,registrarAsignaturaRutas
DA:2,4
DA:3,4
DA:4,4
DA:8,4
DA:9,4
DA:10,4
DA:11,4
DA:14,4
DA:15,4
DA:16,4
DA:17,4
DA:18,4
LF:12
LH:12
BRF:0
BRH:0
end_of_record
TN:
SF:src\presentation\rutas\DocenteEnrutador.ts
FN:7,docenteEnrutador
FN:18,construirDocenteEnrutador
FNF:2
FNH:2
FNDA:5,docenteEnrutador
FNDA:5,construirDocenteEnrutador
DA:2,5
DA:4,5
DA:5,5
DA:11,5
DA:12,5
DA:13,5
DA:14,5
DA:15,5
DA:18,5
DA:19,5
DA:20,5
DA:21,5
DA:23,5
LF:13
LH:13
BRF:0
BRH:0
end_of_record
TN:
SF:src\presentation\rutas\OfertaAcademicaEnrutador.ts
FN:7,ofertaAcademicaEnrutador
FN:18,construirOfertaAcademicaEnrutador
FNF:2
FNH:2
FNDA:5,ofertaAcademicaEnrutador
FNDA:5,construirOfertaAcademicaEnrutador
DA:2,5
DA:4,5
DA:5,5
DA:11,5
DA:12,5
DA:13,5
DA:14,5
DA:15,5
DA:18,5
DA:20,5
DA:22,5
DA:24,5
DA:26,5
LF:13
LH:13
BRF:0
BRH:0
end_of_record
TN:
SF:src\presentation\rutas\PeriodoAcademicoEnrutador.ts
FN:6,periodoAcademicoEnrutador
FN:17,construirPeriodosEnrutador
FNF:2
FNH:2
FNDA:4,periodoAcademicoEnrutador
FNDA:4,construirPeriodosEnrutador
DA:2,4
DA:4,4
DA:5,4
DA:10,4
DA:11,4
DA:12,4
DA:13,4
DA:14,4
DA:17,4
DA:18,4
DA:19,4
DA:20,4
DA:22,4
LF:13
LH:13
BRF:0
BRH:0
end_of_record
TN:
SF:src\presentation\rutas\PlanEstudioEnrutador.ts
FN:7,planEstudioEnrutador
FN:14,registrarPlanEstudioRutas
FNF:2
FNH:2
FNDA:4,planEstudioEnrutador
FNDA:4,registrarPlanEstudioRutas
DA:2,4
DA:3,4
DA:4,4
DA:8,4
DA:9,4
DA:10,4
DA:11,4
DA:14,4
DA:15,4
DA:16,4
DA:17,4
DA:18,4
LF:12
LH:12
BRF:0
BRH:0
end_of_record
TN:
SF:src\presentation\rutas\ProgramaAcademicoEnrutador.ts
FN:8,programaAcademicoEnrutador
FN:19,construirProgramasEnrutador
FNF:2
FNH:2
FNDA:4,programaAcademicoEnrutador
FNDA:4,construirProgramasEnrutador
DA:2,4
DA:4,4
DA:5,4
DA:12,4
DA:13,4
DA:14,4
DA:15,4
DA:16,4
DA:19,4
DA:20,4
DA:21,4
DA:22,4
DA:24,4
LF:13
LH:13
BRF:0
BRH:0
end_of_record
